2023-05-02 09:21:59.397 ERROR org.apache.tomcat.util.net.Acceptor               :175  [32m                  [0;39m Socket accept failed
java.nio.channels.AsynchronousCloseException: null
	at java.nio.channels.spi.AbstractInterruptibleChannel.end(AbstractInterruptibleChannel.java:205)
	at sun.nio.ch.ServerSocketChannelImpl.accept(ServerSocketChannelImpl.java:259)
	at org.apache.tomcat.util.net.NioEndpoint.serverSocketAccept(NioEndpoint.java:548)
	at org.apache.tomcat.util.net.NioEndpoint.serverSocketAccept(NioEndpoint.java:79)
	at org.apache.tomcat.util.net.Acceptor.run(Acceptor.java:129)
	at java.lang.Thread.run(Thread.java:750)
2023-05-02 09:22:08.267 ERROR org.apache.tomcat.util.net.Acceptor               :175  [32m                  [0;39m Socket accept failed
java.nio.channels.AsynchronousCloseException: null
	at java.nio.channels.spi.AbstractInterruptibleChannel.end(AbstractInterruptibleChannel.java:205)
	at sun.nio.ch.ServerSocketChannelImpl.accept(ServerSocketChannelImpl.java:259)
	at org.apache.tomcat.util.net.NioEndpoint.serverSocketAccept(NioEndpoint.java:548)
	at org.apache.tomcat.util.net.NioEndpoint.serverSocketAccept(NioEndpoint.java:79)
	at org.apache.tomcat.util.net.Acceptor.run(Acceptor.java:129)
	at java.lang.Thread.run(Thread.java:750)
2023-05-02 09:22:15.008 ERROR org.apache.tomcat.util.net.Acceptor               :175  [32m                  [0;39m Socket accept failed
java.nio.channels.AsynchronousCloseException: null
	at java.nio.channels.spi.AbstractInterruptibleChannel.end(AbstractInterruptibleChannel.java:205)
	at sun.nio.ch.ServerSocketChannelImpl.accept(ServerSocketChannelImpl.java:259)
	at org.apache.tomcat.util.net.NioEndpoint.serverSocketAccept(NioEndpoint.java:548)
	at org.apache.tomcat.util.net.NioEndpoint.serverSocketAccept(NioEndpoint.java:79)
	at org.apache.tomcat.util.net.Acceptor.run(Acceptor.java:129)
	at java.lang.Thread.run(Thread.java:750)
2023-05-02 09:23:57.383 ERROR org.apache.tomcat.util.net.Acceptor               :175  [32m                  [0;39m Socket accept failed
java.nio.channels.AsynchronousCloseException: null
	at java.nio.channels.spi.AbstractInterruptibleChannel.end(AbstractInterruptibleChannel.java:205)
	at sun.nio.ch.ServerSocketChannelImpl.accept(ServerSocketChannelImpl.java:259)
	at org.apache.tomcat.util.net.NioEndpoint.serverSocketAccept(NioEndpoint.java:548)
	at org.apache.tomcat.util.net.NioEndpoint.serverSocketAccept(NioEndpoint.java:79)
	at org.apache.tomcat.util.net.Acceptor.run(Acceptor.java:129)
	at java.lang.Thread.run(Thread.java:750)
2023-05-02 09:28:27.774 ERROR org.apache.tomcat.util.net.Acceptor               :175  [32m                  [0;39m Socket accept failed
java.nio.channels.AsynchronousCloseException: null
	at java.nio.channels.spi.AbstractInterruptibleChannel.end(AbstractInterruptibleChannel.java:205)
	at sun.nio.ch.ServerSocketChannelImpl.accept(ServerSocketChannelImpl.java:259)
	at org.apache.tomcat.util.net.NioEndpoint.serverSocketAccept(NioEndpoint.java:548)
	at org.apache.tomcat.util.net.NioEndpoint.serverSocketAccept(NioEndpoint.java:79)
	at org.apache.tomcat.util.net.Acceptor.run(Acceptor.java:129)
	at java.lang.Thread.run(Thread.java:750)
2023-05-02 09:29:19.939 ERROR org.apache.tomcat.util.net.Acceptor               :175  [32m                  [0;39m Socket accept failed
java.nio.channels.AsynchronousCloseException: null
	at java.nio.channels.spi.AbstractInterruptibleChannel.end(AbstractInterruptibleChannel.java:205)
	at sun.nio.ch.ServerSocketChannelImpl.accept(ServerSocketChannelImpl.java:259)
	at org.apache.tomcat.util.net.NioEndpoint.serverSocketAccept(NioEndpoint.java:548)
	at org.apache.tomcat.util.net.NioEndpoint.serverSocketAccept(NioEndpoint.java:79)
	at org.apache.tomcat.util.net.Acceptor.run(Acceptor.java:129)
	at java.lang.Thread.run(Thread.java:750)
2023-05-02 09:29:28.663 ERROR org.apache.tomcat.util.net.Acceptor               :175  [32m                  [0;39m Socket accept failed
java.nio.channels.AsynchronousCloseException: null
	at java.nio.channels.spi.AbstractInterruptibleChannel.end(AbstractInterruptibleChannel.java:205)
	at sun.nio.ch.ServerSocketChannelImpl.accept(ServerSocketChannelImpl.java:259)
	at org.apache.tomcat.util.net.NioEndpoint.serverSocketAccept(NioEndpoint.java:548)
	at org.apache.tomcat.util.net.NioEndpoint.serverSocketAccept(NioEndpoint.java:79)
	at org.apache.tomcat.util.net.Acceptor.run(Acceptor.java:129)
	at java.lang.Thread.run(Thread.java:750)
2023-05-02 09:29:51.450 ERROR org.apache.tomcat.util.net.Acceptor               :175  [32m                  [0;39m Socket accept failed
java.nio.channels.AsynchronousCloseException: null
	at java.nio.channels.spi.AbstractInterruptibleChannel.end(AbstractInterruptibleChannel.java:205)
	at sun.nio.ch.ServerSocketChannelImpl.accept(ServerSocketChannelImpl.java:259)
	at org.apache.tomcat.util.net.NioEndpoint.serverSocketAccept(NioEndpoint.java:548)
	at org.apache.tomcat.util.net.NioEndpoint.serverSocketAccept(NioEndpoint.java:79)
	at org.apache.tomcat.util.net.Acceptor.run(Acceptor.java:129)
	at java.lang.Thread.run(Thread.java:750)
2023-05-02 09:29:54.198 ERROR org.apache.tomcat.util.net.Acceptor               :175  [32m                  [0;39m Socket accept failed
java.nio.channels.AsynchronousCloseException: null
	at java.nio.channels.spi.AbstractInterruptibleChannel.end(AbstractInterruptibleChannel.java:205)
	at sun.nio.ch.ServerSocketChannelImpl.accept(ServerSocketChannelImpl.java:259)
	at org.apache.tomcat.util.net.NioEndpoint.serverSocketAccept(NioEndpoint.java:548)
	at org.apache.tomcat.util.net.NioEndpoint.serverSocketAccept(NioEndpoint.java:79)
	at org.apache.tomcat.util.net.Acceptor.run(Acceptor.java:129)
	at java.lang.Thread.run(Thread.java:750)
