2023-04-29 17:11:38.767 INFO  com.example.wiki.WikiApplication                  :55   [32m                  [0;39m Starting WikiApplication using Java 1.8.0_351 on wangguanyudeMacBook-Pro.local with PID 31452 (/Users/wangguanyu/wgy/09_github/wiki/target/classes started by wangguanyu in /Users/wangguanyu/wgy/09_github/wiki)
2023-04-29 17:11:38.770 INFO  com.example.wiki.WikiApplication                  :631  [32m                  [0;39m No active profile set, falling back to 1 default profile: "default"
2023-04-29 17:11:39.323 INFO  o.s.boot.web.embedded.tomcat.TomcatWebServer      :108  [32m                  [0;39m Tomcat initialized with port(s): 8880 (http)
2023-04-29 17:11:39.328 INFO  org.apache.coyote.http11.Http11NioProtocol        :173  [32m                  [0;39m Initializing ProtocolHandler ["http-nio-8880"]
2023-04-29 17:11:39.329 INFO  org.apache.catalina.core.StandardService          :173  [32m                  [0;39m Starting service [Tomcat]
2023-04-29 17:11:39.329 INFO  org.apache.catalina.core.StandardEngine           :173  [32m                  [0;39m Starting Servlet engine: [Apache Tomcat/9.0.74]
2023-04-29 17:11:39.411 INFO  o.a.c.core.ContainerBase.[Tomcat].[localhost].[/] :173  [32m                  [0;39m Initializing Spring embedded WebApplicationContext
2023-04-29 17:11:39.411 INFO  o.s.b.w.s.c.ServletWebServerApplicationContext    :292  [32m                  [0;39m Root WebApplicationContext: initialization completed in 611 ms
2023-04-29 17:11:39.613 INFO  org.apache.coyote.http11.Http11NioProtocol        :173  [32m                  [0;39m Starting ProtocolHandler ["http-nio-8880"]
2023-04-29 17:11:39.635 INFO  o.s.boot.web.embedded.tomcat.TomcatWebServer      :220  [32m                  [0;39m Tomcat started on port(s): 8880 (http) with context path ''
2023-04-29 17:11:39.643 INFO  com.example.wiki.WikiApplication                  :61   [32m                  [0;39m Started WikiApplication in 1.286 seconds (JVM running for 1.869)
2023-04-29 17:11:39.644 INFO  com.example.wiki.WikiApplication                  :17   [32m                  [0;39m 启动成功！！
2023-04-29 17:11:39.645 INFO  com.example.wiki.WikiApplication                  :18   [32m                  [0;39m 地址: 	http://127.0.0.1:8880
2023-04-29 17:11:41.950 INFO  o.a.c.core.ContainerBase.[Tomcat].[localhost].[/] :173  [32m                  [0;39m Initializing Spring DispatcherServlet 'dispatcherServlet'
2023-04-29 17:11:41.950 INFO  org.springframework.web.servlet.DispatcherServlet :525  [32m                  [0;39m Initializing Servlet 'dispatcherServlet'
2023-04-29 17:11:41.952 INFO  org.springframework.web.servlet.DispatcherServlet :547  [32m                  [0;39m Completed initialization in 1 ms
2023-04-29 17:12:56.487 INFO  com.example.wiki.WikiApplication                  :55   [32m                  [0;39m Starting WikiApplication using Java 1.8.0_351 on wangguanyudeMacBook-Pro.local with PID 37894 (/Users/wangguanyu/wgy/09_github/wiki/target/classes started by wangguanyu in /Users/wangguanyu/wgy/09_github/wiki)
2023-04-29 17:12:56.489 INFO  com.example.wiki.WikiApplication                  :631  [32m                  [0;39m No active profile set, falling back to 1 default profile: "default"
2023-04-29 17:12:57.033 INFO  o.s.boot.web.embedded.tomcat.TomcatWebServer      :108  [32m                  [0;39m Tomcat initialized with port(s): 8880 (http)
2023-04-29 17:12:57.038 INFO  org.apache.coyote.http11.Http11NioProtocol        :173  [32m                  [0;39m Initializing ProtocolHandler ["http-nio-8880"]
2023-04-29 17:12:57.038 INFO  org.apache.catalina.core.StandardService          :173  [32m                  [0;39m Starting service [Tomcat]
2023-04-29 17:12:57.039 INFO  org.apache.catalina.core.StandardEngine           :173  [32m                  [0;39m Starting Servlet engine: [Apache Tomcat/9.0.74]
2023-04-29 17:12:57.115 INFO  o.a.c.core.ContainerBase.[Tomcat].[localhost].[/] :173  [32m                  [0;39m Initializing Spring embedded WebApplicationContext
2023-04-29 17:12:57.115 INFO  o.s.b.w.s.c.ServletWebServerApplicationContext    :292  [32m                  [0;39m Root WebApplicationContext: initialization completed in 594 ms
2023-04-29 17:12:57.314 INFO  org.apache.coyote.http11.Http11NioProtocol        :173  [32m                  [0;39m Starting ProtocolHandler ["http-nio-8880"]
2023-04-29 17:12:57.335 INFO  o.s.boot.web.embedded.tomcat.TomcatWebServer      :220  [32m                  [0;39m Tomcat started on port(s): 8880 (http) with context path ''
2023-04-29 17:12:57.343 INFO  com.example.wiki.WikiApplication                  :61   [32m                  [0;39m Started WikiApplication in 1.16 seconds (JVM running for 1.526)
2023-04-29 17:12:57.345 INFO  com.example.wiki.WikiApplication                  :17   [32m                  [0;39m 启动成功！！
2023-04-29 17:12:57.345 INFO  com.example.wiki.WikiApplication                  :18   [32m                  [0;39m 地址: 	http://127.0.0.1:8880
2023-04-29 17:12:59.573 INFO  o.a.c.core.ContainerBase.[Tomcat].[localhost].[/] :173  [32m                  [0;39m Initializing Spring DispatcherServlet 'dispatcherServlet'
2023-04-29 17:12:59.573 INFO  org.springframework.web.servlet.DispatcherServlet :525  [32m                  [0;39m Initializing Servlet 'dispatcherServlet'
2023-04-29 17:12:59.574 INFO  org.springframework.web.servlet.DispatcherServlet :547  [32m                  [0;39m Completed initialization in 1 ms
2023-04-29 17:41:42.257 INFO  com.example.wiki.WikiApplication                  :55   [32m                  [0;39m Starting WikiApplication using Java 1.8.0_351 on wangguanyudeMacBook-Pro.local with PID 77403 (/Users/wangguanyu/wgy/09_github/wiki/target/classes started by wangguanyu in /Users/wangguanyu/wgy/09_github/wiki)
2023-04-29 17:41:42.259 INFO  com.example.wiki.WikiApplication                  :631  [32m                  [0;39m No active profile set, falling back to 1 default profile: "default"
2023-04-29 17:41:42.816 INFO  o.s.boot.web.embedded.tomcat.TomcatWebServer      :108  [32m                  [0;39m Tomcat initialized with port(s): 8880 (http)
2023-04-29 17:41:42.821 INFO  org.apache.coyote.http11.Http11NioProtocol        :173  [32m                  [0;39m Initializing ProtocolHandler ["http-nio-8880"]
2023-04-29 17:41:42.822 INFO  org.apache.catalina.core.StandardService          :173  [32m                  [0;39m Starting service [Tomcat]
2023-04-29 17:41:42.822 INFO  org.apache.catalina.core.StandardEngine           :173  [32m                  [0;39m Starting Servlet engine: [Apache Tomcat/9.0.74]
2023-04-29 17:41:42.903 INFO  o.a.c.core.ContainerBase.[Tomcat].[localhost].[/] :173  [32m                  [0;39m Initializing Spring embedded WebApplicationContext
2023-04-29 17:41:42.904 INFO  o.s.b.w.s.c.ServletWebServerApplicationContext    :292  [32m                  [0;39m Root WebApplicationContext: initialization completed in 612 ms
2023-04-29 17:41:43.116 INFO  org.apache.coyote.http11.Http11NioProtocol        :173  [32m                  [0;39m Starting ProtocolHandler ["http-nio-8880"]
2023-04-29 17:41:43.137 INFO  o.s.boot.web.embedded.tomcat.TomcatWebServer      :220  [32m                  [0;39m Tomcat started on port(s): 8880 (http) with context path ''
2023-04-29 17:41:43.146 INFO  com.example.wiki.WikiApplication                  :61   [32m                  [0;39m Started WikiApplication in 1.189 seconds (JVM running for 1.579)
2023-04-29 17:41:43.147 INFO  com.example.wiki.WikiApplication                  :17   [32m                  [0;39m 启动成功！！
2023-04-29 17:41:43.148 INFO  com.example.wiki.WikiApplication                  :18   [32m                  [0;39m 地址: 	http://127.0.0.1:8880
2023-04-29 17:41:44.029 INFO  o.a.c.core.ContainerBase.[Tomcat].[localhost].[/] :173  [32m                  [0;39m Initializing Spring DispatcherServlet 'dispatcherServlet'
2023-04-29 17:41:44.030 INFO  org.springframework.web.servlet.DispatcherServlet :525  [32m                  [0;39m Initializing Servlet 'dispatcherServlet'
2023-04-29 17:41:44.031 INFO  org.springframework.web.servlet.DispatcherServlet :547  [32m                  [0;39m Completed initialization in 1 ms
2023-04-29 17:41:44.044 WARN  o.s.w.s.m.support.DefaultHandlerExceptionResolver :208  [32m                  [0;39m Resolved [org.springframework.web.HttpRequestMethodNotSupportedException: Request method 'GET' not supported]
2023-04-29 17:41:45.114 WARN  o.s.w.s.m.support.DefaultHandlerExceptionResolver :208  [32m                  [0;39m Resolved [org.springframework.web.HttpRequestMethodNotSupportedException: Request method 'GET' not supported]
2023-04-29 18:00:08.109 INFO  com.example.wiki.config.WikiApplication           :55   [32m                  [0;39m Starting WikiApplication using Java 1.8.0_351 on wangguanyudeMacBook-Pro.local with PID 67876 (/Users/wangguanyu/wgy/09_github/wiki/target/classes started by wangguanyu in /Users/wangguanyu/wgy/09_github/wiki)
2023-04-29 18:00:08.112 INFO  com.example.wiki.config.WikiApplication           :631  [32m                  [0;39m No active profile set, falling back to 1 default profile: "default"
2023-04-29 18:00:08.760 INFO  o.s.boot.web.embedded.tomcat.TomcatWebServer      :108  [32m                  [0;39m Tomcat initialized with port(s): 8880 (http)
2023-04-29 18:00:08.765 INFO  org.apache.coyote.http11.Http11NioProtocol        :173  [32m                  [0;39m Initializing ProtocolHandler ["http-nio-8880"]
2023-04-29 18:00:08.766 INFO  org.apache.catalina.core.StandardService          :173  [32m                  [0;39m Starting service [Tomcat]
2023-04-29 18:00:08.766 INFO  org.apache.catalina.core.StandardEngine           :173  [32m                  [0;39m Starting Servlet engine: [Apache Tomcat/9.0.74]
2023-04-29 18:00:08.845 INFO  o.a.c.core.ContainerBase.[Tomcat].[localhost].[/] :173  [32m                  [0;39m Initializing Spring embedded WebApplicationContext
2023-04-29 18:00:08.846 INFO  o.s.b.w.s.c.ServletWebServerApplicationContext    :292  [32m                  [0;39m Root WebApplicationContext: initialization completed in 685 ms
2023-04-29 18:00:09.045 INFO  org.apache.coyote.http11.Http11NioProtocol        :173  [32m                  [0;39m Starting ProtocolHandler ["http-nio-8880"]
2023-04-29 18:00:09.066 INFO  o.s.boot.web.embedded.tomcat.TomcatWebServer      :220  [32m                  [0;39m Tomcat started on port(s): 8880 (http) with context path ''
2023-04-29 18:00:09.074 INFO  com.example.wiki.config.WikiApplication           :61   [32m                  [0;39m Started WikiApplication in 1.317 seconds (JVM running for 1.665)
2023-04-29 18:00:09.076 INFO  com.example.wiki.config.WikiApplication           :17   [32m                  [0;39m 启动成功！！
2023-04-29 18:00:09.076 INFO  com.example.wiki.config.WikiApplication           :18   [32m                  [0;39m 地址: 	http://127.0.0.1:8880
2023-04-29 18:00:10.716 INFO  o.a.c.core.ContainerBase.[Tomcat].[localhost].[/] :173  [32m                  [0;39m Initializing Spring DispatcherServlet 'dispatcherServlet'
2023-04-29 18:00:10.716 INFO  org.springframework.web.servlet.DispatcherServlet :525  [32m                  [0;39m Initializing Servlet 'dispatcherServlet'
2023-04-29 18:00:10.717 INFO  org.springframework.web.servlet.DispatcherServlet :547  [32m                  [0;39m Completed initialization in 1 ms
2023-04-29 18:04:07.425 INFO  com.example.wiki.config.WikiApplication           :55   [32m                  [0;39m Starting WikiApplication using Java 1.8.0_351 on wangguanyudeMacBook-Pro.local with PID 86683 (/Users/wangguanyu/wgy/09_github/wiki/target/classes started by wangguanyu in /Users/wangguanyu/wgy/09_github/wiki)
2023-04-29 18:04:07.428 INFO  com.example.wiki.config.WikiApplication           :631  [32m                  [0;39m No active profile set, falling back to 1 default profile: "default"
2023-04-29 18:04:07.980 INFO  o.s.boot.web.embedded.tomcat.TomcatWebServer      :108  [32m                  [0;39m Tomcat initialized with port(s): 8880 (http)
2023-04-29 18:04:07.985 INFO  org.apache.coyote.http11.Http11NioProtocol        :173  [32m                  [0;39m Initializing ProtocolHandler ["http-nio-8880"]
2023-04-29 18:04:07.986 INFO  org.apache.catalina.core.StandardService          :173  [32m                  [0;39m Starting service [Tomcat]
2023-04-29 18:04:07.986 INFO  org.apache.catalina.core.StandardEngine           :173  [32m                  [0;39m Starting Servlet engine: [Apache Tomcat/9.0.74]
2023-04-29 18:04:08.068 INFO  o.a.c.core.ContainerBase.[Tomcat].[localhost].[/] :173  [32m                  [0;39m Initializing Spring embedded WebApplicationContext
2023-04-29 18:04:08.068 INFO  o.s.b.w.s.c.ServletWebServerApplicationContext    :292  [32m                  [0;39m Root WebApplicationContext: initialization completed in 605 ms
2023-04-29 18:04:08.264 INFO  org.apache.coyote.http11.Http11NioProtocol        :173  [32m                  [0;39m Starting ProtocolHandler ["http-nio-8880"]
2023-04-29 18:04:08.284 INFO  o.s.boot.web.embedded.tomcat.TomcatWebServer      :220  [32m                  [0;39m Tomcat started on port(s): 8880 (http) with context path ''
2023-04-29 18:04:08.292 INFO  com.example.wiki.config.WikiApplication           :61   [32m                  [0;39m Started WikiApplication in 1.165 seconds (JVM running for 1.567)
2023-04-29 18:04:08.293 INFO  com.example.wiki.config.WikiApplication           :19   [32m                  [0;39m 启动成功！！
2023-04-29 18:04:08.293 INFO  com.example.wiki.config.WikiApplication           :20   [32m                  [0;39m 地址: 	http://127.0.0.1:8880
2023-04-29 18:10:43.441 INFO  com.example.wiki.config.WikiApplication           :55   [32m                  [0;39m Starting WikiApplication using Java 1.8.0_351 on wangguanyudeMacBook-Pro.local with PID 19909 (/Users/wangguanyu/wgy/09_github/wiki/target/classes started by wangguanyu in /Users/wangguanyu/wgy/09_github/wiki)
2023-04-29 18:10:43.443 INFO  com.example.wiki.config.WikiApplication           :631  [32m                  [0;39m No active profile set, falling back to 1 default profile: "default"
2023-04-29 18:10:43.965 INFO  o.s.boot.web.embedded.tomcat.TomcatWebServer      :108  [32m                  [0;39m Tomcat initialized with port(s): 8880 (http)
2023-04-29 18:10:43.970 INFO  org.apache.coyote.http11.Http11NioProtocol        :173  [32m                  [0;39m Initializing ProtocolHandler ["http-nio-8880"]
2023-04-29 18:10:43.971 INFO  org.apache.catalina.core.StandardService          :173  [32m                  [0;39m Starting service [Tomcat]
2023-04-29 18:10:43.971 INFO  org.apache.catalina.core.StandardEngine           :173  [32m                  [0;39m Starting Servlet engine: [Apache Tomcat/9.0.74]
2023-04-29 18:10:44.049 INFO  o.a.c.core.ContainerBase.[Tomcat].[localhost].[/] :173  [32m                  [0;39m Initializing Spring embedded WebApplicationContext
2023-04-29 18:10:44.050 INFO  o.s.b.w.s.c.ServletWebServerApplicationContext    :292  [32m                  [0;39m Root WebApplicationContext: initialization completed in 574 ms
2023-04-29 18:10:44.243 INFO  org.apache.coyote.http11.Http11NioProtocol        :173  [32m                  [0;39m Starting ProtocolHandler ["http-nio-8880"]
2023-04-29 18:10:44.264 INFO  o.s.boot.web.embedded.tomcat.TomcatWebServer      :220  [32m                  [0;39m Tomcat started on port(s): 8880 (http) with context path ''
2023-04-29 18:10:44.272 INFO  com.example.wiki.config.WikiApplication           :61   [32m                  [0;39m Started WikiApplication in 1.129 seconds (JVM running for 1.61)
2023-04-29 18:10:44.273 INFO  com.example.wiki.config.WikiApplication           :19   [32m                  [0;39m 启动成功！！
2023-04-29 18:10:44.274 INFO  com.example.wiki.config.WikiApplication           :20   [32m                  [0;39m 地址: 	http://127.0.0.1:8880
2023-04-29 18:10:51.023 INFO  o.a.c.core.ContainerBase.[Tomcat].[localhost].[/] :173  [32m                  [0;39m Initializing Spring DispatcherServlet 'dispatcherServlet'
2023-04-29 18:10:51.023 INFO  org.springframework.web.servlet.DispatcherServlet :525  [32m                  [0;39m Initializing Servlet 'dispatcherServlet'
2023-04-29 18:10:51.024 INFO  org.springframework.web.servlet.DispatcherServlet :547  [32m                  [0;39m Completed initialization in 1 ms
2023-04-29 18:11:17.917 INFO  com.example.wiki.config.WikiApplication           :55   [32m                  [0;39m Starting WikiApplication using Java 1.8.0_351 on wangguanyudeMacBook-Pro.local with PID 22452 (/Users/wangguanyu/wgy/09_github/wiki/target/classes started by wangguanyu in /Users/wangguanyu/wgy/09_github/wiki)
2023-04-29 18:11:17.919 INFO  com.example.wiki.config.WikiApplication           :631  [32m                  [0;39m No active profile set, falling back to 1 default profile: "default"
2023-04-29 18:11:18.449 INFO  o.s.boot.web.embedded.tomcat.TomcatWebServer      :108  [32m                  [0;39m Tomcat initialized with port(s): 8880 (http)
2023-04-29 18:11:18.454 INFO  org.apache.coyote.http11.Http11NioProtocol        :173  [32m                  [0;39m Initializing ProtocolHandler ["http-nio-8880"]
2023-04-29 18:11:18.455 INFO  org.apache.catalina.core.StandardService          :173  [32m                  [0;39m Starting service [Tomcat]
2023-04-29 18:11:18.455 INFO  org.apache.catalina.core.StandardEngine           :173  [32m                  [0;39m Starting Servlet engine: [Apache Tomcat/9.0.74]
2023-04-29 18:11:18.536 INFO  o.a.c.core.ContainerBase.[Tomcat].[localhost].[/] :173  [32m                  [0;39m Initializing Spring embedded WebApplicationContext
2023-04-29 18:11:18.536 INFO  o.s.b.w.s.c.ServletWebServerApplicationContext    :292  [32m                  [0;39m Root WebApplicationContext: initialization completed in 583 ms
2023-04-29 18:11:18.736 INFO  org.apache.coyote.http11.Http11NioProtocol        :173  [32m                  [0;39m Starting ProtocolHandler ["http-nio-8880"]
2023-04-29 18:11:18.757 INFO  o.s.boot.web.embedded.tomcat.TomcatWebServer      :220  [32m                  [0;39m Tomcat started on port(s): 8880 (http) with context path ''
2023-04-29 18:11:18.765 INFO  com.example.wiki.config.WikiApplication           :61   [32m                  [0;39m Started WikiApplication in 1.147 seconds (JVM running for 1.495)
2023-04-29 18:11:18.767 INFO  com.example.wiki.config.WikiApplication           :19   [32m                  [0;39m 启动成功！！
2023-04-29 18:11:18.767 INFO  com.example.wiki.config.WikiApplication           :20   [32m                  [0;39m 地址: 	http://127.0.0.1:8880
2023-04-29 18:11:21.570 INFO  o.a.c.core.ContainerBase.[Tomcat].[localhost].[/] :173  [32m                  [0;39m Initializing Spring DispatcherServlet 'dispatcherServlet'
2023-04-29 18:11:21.571 INFO  org.springframework.web.servlet.DispatcherServlet :525  [32m                  [0;39m Initializing Servlet 'dispatcherServlet'
2023-04-29 18:11:21.572 INFO  org.springframework.web.servlet.DispatcherServlet :547  [32m                  [0;39m Completed initialization in 1 ms
2023-04-29 18:11:21.583 WARN  o.s.w.s.m.support.DefaultHandlerExceptionResolver :208  [32m                  [0;39m Resolved [org.springframework.web.HttpRequestMethodNotSupportedException: Request method 'GET' not supported]
2023-04-29 18:19:12.123 INFO  com.example.wiki.config.WikiApplication           :55   [32m                  [0;39m Starting WikiApplication using Java 1.8.0_351 on wangguanyudeMacBook-Pro.local with PID 60128 (/Users/wangguanyu/wgy/09_github/wiki/target/classes started by wangguanyu in /Users/wangguanyu/wgy/09_github/wiki)
2023-04-29 18:19:12.125 INFO  com.example.wiki.config.WikiApplication           :631  [32m                  [0;39m No active profile set, falling back to 1 default profile: "default"
2023-04-29 18:19:12.667 INFO  o.s.boot.web.embedded.tomcat.TomcatWebServer      :108  [32m                  [0;39m Tomcat initialized with port(s): 8880 (http)
2023-04-29 18:19:12.673 INFO  org.apache.coyote.http11.Http11NioProtocol        :173  [32m                  [0;39m Initializing ProtocolHandler ["http-nio-8880"]
2023-04-29 18:19:12.673 INFO  org.apache.catalina.core.StandardService          :173  [32m                  [0;39m Starting service [Tomcat]
2023-04-29 18:19:12.673 INFO  org.apache.catalina.core.StandardEngine           :173  [32m                  [0;39m Starting Servlet engine: [Apache Tomcat/9.0.74]
2023-04-29 18:19:12.750 INFO  o.a.c.core.ContainerBase.[Tomcat].[localhost].[/] :173  [32m                  [0;39m Initializing Spring embedded WebApplicationContext
2023-04-29 18:19:12.751 INFO  o.s.b.w.s.c.ServletWebServerApplicationContext    :292  [32m                  [0;39m Root WebApplicationContext: initialization completed in 591 ms
2023-04-29 18:19:12.940 INFO  org.apache.coyote.http11.Http11NioProtocol        :173  [32m                  [0;39m Starting ProtocolHandler ["http-nio-8880"]
2023-04-29 18:19:12.960 INFO  o.s.boot.web.embedded.tomcat.TomcatWebServer      :220  [32m                  [0;39m Tomcat started on port(s): 8880 (http) with context path ''
2023-04-29 18:19:12.966 INFO  com.example.wiki.config.WikiApplication           :61   [32m                  [0;39m Started WikiApplication in 1.14 seconds (JVM running for 1.496)
2023-04-29 18:19:12.968 INFO  com.example.wiki.config.WikiApplication           :19   [32m                  [0;39m 启动成功！！
2023-04-29 18:19:12.968 INFO  com.example.wiki.config.WikiApplication           :20   [32m                  [0;39m 地址: 	http://127.0.0.1:8880
2023-04-29 18:19:47.014 INFO  o.a.c.core.ContainerBase.[Tomcat].[localhost].[/] :173  [32m                  [0;39m Initializing Spring DispatcherServlet 'dispatcherServlet'
2023-04-29 18:19:47.015 INFO  org.springframework.web.servlet.DispatcherServlet :525  [32m                  [0;39m Initializing Servlet 'dispatcherServlet'
2023-04-29 18:19:47.016 INFO  org.springframework.web.servlet.DispatcherServlet :547  [32m                  [0;39m Completed initialization in 1 ms
2023-04-29 18:43:01.804 INFO  com.example.wiki.config.WikiApplication           :55   [32m                  [0;39m Starting WikiApplication using Java 1.8.0_351 on wangguanyudeMacBook-Pro.local with PID 76121 (/Users/wangguanyu/wgy/09_github/wiki/target/classes started by wangguanyu in /Users/wangguanyu/wgy/09_github/wiki)
2023-04-29 18:43:01.806 INFO  com.example.wiki.config.WikiApplication           :631  [32m                  [0;39m No active profile set, falling back to 1 default profile: "default"
2023-04-29 18:43:02.316 INFO  o.s.boot.web.embedded.tomcat.TomcatWebServer      :108  [32m                  [0;39m Tomcat initialized with port(s): 8880 (http)
2023-04-29 18:43:02.321 INFO  org.apache.coyote.http11.Http11NioProtocol        :173  [32m                  [0;39m Initializing ProtocolHandler ["http-nio-8880"]
2023-04-29 18:43:02.321 INFO  org.apache.catalina.core.StandardService          :173  [32m                  [0;39m Starting service [Tomcat]
2023-04-29 18:43:02.322 INFO  org.apache.catalina.core.StandardEngine           :173  [32m                  [0;39m Starting Servlet engine: [Apache Tomcat/9.0.74]
2023-04-29 18:43:02.401 INFO  o.a.c.core.ContainerBase.[Tomcat].[localhost].[/] :173  [32m                  [0;39m Initializing Spring embedded WebApplicationContext
2023-04-29 18:43:02.401 INFO  o.s.b.w.s.c.ServletWebServerApplicationContext    :292  [32m                  [0;39m Root WebApplicationContext: initialization completed in 565 ms
2023-04-29 18:43:02.591 INFO  org.apache.coyote.http11.Http11NioProtocol        :173  [32m                  [0;39m Starting ProtocolHandler ["http-nio-8880"]
2023-04-29 18:43:02.615 INFO  o.s.boot.web.embedded.tomcat.TomcatWebServer      :220  [32m                  [0;39m Tomcat started on port(s): 8880 (http) with context path ''
2023-04-29 18:43:02.623 INFO  com.example.wiki.config.WikiApplication           :61   [32m                  [0;39m Started WikiApplication in 1.103 seconds (JVM running for 1.753)
2023-04-29 18:43:02.625 INFO  com.example.wiki.config.WikiApplication           :19   [32m                  [0;39m 启动成功！！
2023-04-29 18:43:02.625 INFO  com.example.wiki.config.WikiApplication           :20   [32m                  [0;39m 地址: 	http://127.0.0.1:8880
2023-04-29 18:43:08.519 INFO  o.a.c.core.ContainerBase.[Tomcat].[localhost].[/] :173  [32m                  [0;39m Initializing Spring DispatcherServlet 'dispatcherServlet'
2023-04-29 18:43:08.520 INFO  org.springframework.web.servlet.DispatcherServlet :525  [32m                  [0;39m Initializing Servlet 'dispatcherServlet'
2023-04-29 18:43:08.521 INFO  org.springframework.web.servlet.DispatcherServlet :547  [32m                  [0;39m Completed initialization in 1 ms
2023-04-29 19:11:29.806 INFO  com.example.wiki.config.WikiApplication           :55   [32m                  [0;39m Starting WikiApplication using Java 1.8.0_351 on wangguanyudeMacBook-Pro.local with PID 15073 (/Users/wangguanyu/wgy/09_github/wiki/target/classes started by wangguanyu in /Users/wangguanyu/wgy/09_github/wiki)
2023-04-29 19:11:29.808 INFO  com.example.wiki.config.WikiApplication           :631  [32m                  [0;39m No active profile set, falling back to 1 default profile: "default"
2023-04-29 19:11:30.330 INFO  o.s.boot.web.embedded.tomcat.TomcatWebServer      :108  [32m                  [0;39m Tomcat initialized with port(s): 8881 (http)
2023-04-29 19:11:30.336 INFO  org.apache.coyote.http11.Http11NioProtocol        :173  [32m                  [0;39m Initializing ProtocolHandler ["http-nio-8881"]
2023-04-29 19:11:30.336 INFO  org.apache.catalina.core.StandardService          :173  [32m                  [0;39m Starting service [Tomcat]
2023-04-29 19:11:30.336 INFO  org.apache.catalina.core.StandardEngine           :173  [32m                  [0;39m Starting Servlet engine: [Apache Tomcat/9.0.74]
2023-04-29 19:11:30.417 INFO  o.a.c.core.ContainerBase.[Tomcat].[localhost].[/] :173  [32m                  [0;39m Initializing Spring embedded WebApplicationContext
2023-04-29 19:11:30.418 INFO  o.s.b.w.s.c.ServletWebServerApplicationContext    :292  [32m                  [0;39m Root WebApplicationContext: initialization completed in 580 ms
2023-04-29 19:11:30.611 INFO  org.apache.coyote.http11.Http11NioProtocol        :173  [32m                  [0;39m Starting ProtocolHandler ["http-nio-8881"]
2023-04-29 19:11:30.632 INFO  o.s.boot.web.embedded.tomcat.TomcatWebServer      :220  [32m                  [0;39m Tomcat started on port(s): 8881 (http) with context path ''
2023-04-29 19:11:30.639 INFO  com.example.wiki.config.WikiApplication           :61   [32m                  [0;39m Started WikiApplication in 1.123 seconds (JVM running for 1.692)
2023-04-29 19:11:30.641 INFO  com.example.wiki.config.WikiApplication           :19   [32m                  [0;39m 启动成功！！
2023-04-29 19:11:30.641 INFO  com.example.wiki.config.WikiApplication           :20   [32m                  [0;39m 地址: 	http://127.0.0.1:8881
2023-04-29 19:11:32.369 INFO  o.a.c.core.ContainerBase.[Tomcat].[localhost].[/] :173  [32m                  [0;39m Initializing Spring DispatcherServlet 'dispatcherServlet'
2023-04-29 19:11:32.369 INFO  org.springframework.web.servlet.DispatcherServlet :525  [32m                  [0;39m Initializing Servlet 'dispatcherServlet'
2023-04-29 19:11:32.370 INFO  org.springframework.web.servlet.DispatcherServlet :547  [32m                  [0;39m Completed initialization in 1 ms
2023-04-29 19:13:55.759 INFO  com.example.wiki.config.WikiApplication           :55   [32m                  [0;39m Starting WikiApplication using Java 1.8.0_351 on wangguanyudeMacBook-Pro.local with PID 26595 (/Users/wangguanyu/wgy/09_github/wiki/target/classes started by wangguanyu in /Users/wangguanyu/wgy/09_github/wiki)
2023-04-29 19:13:55.761 INFO  com.example.wiki.config.WikiApplication           :631  [32m                  [0;39m No active profile set, falling back to 1 default profile: "default"
2023-04-29 19:13:56.294 INFO  o.s.boot.web.embedded.tomcat.TomcatWebServer      :108  [32m                  [0;39m Tomcat initialized with port(s): 8881 (http)
2023-04-29 19:13:56.299 INFO  org.apache.coyote.http11.Http11NioProtocol        :173  [32m                  [0;39m Initializing ProtocolHandler ["http-nio-8881"]
2023-04-29 19:13:56.300 INFO  org.apache.catalina.core.StandardService          :173  [32m                  [0;39m Starting service [Tomcat]
2023-04-29 19:13:56.300 INFO  org.apache.catalina.core.StandardEngine           :173  [32m                  [0;39m Starting Servlet engine: [Apache Tomcat/9.0.74]
2023-04-29 19:13:56.381 INFO  o.a.c.core.ContainerBase.[Tomcat].[localhost].[/] :173  [32m                  [0;39m Initializing Spring embedded WebApplicationContext
2023-04-29 19:13:56.381 INFO  o.s.b.w.s.c.ServletWebServerApplicationContext    :292  [32m                  [0;39m Root WebApplicationContext: initialization completed in 590 ms
2023-04-29 19:13:56.585 INFO  org.apache.coyote.http11.Http11NioProtocol        :173  [32m                  [0;39m Starting ProtocolHandler ["http-nio-8881"]
2023-04-29 19:13:56.607 INFO  o.s.boot.web.embedded.tomcat.TomcatWebServer      :220  [32m                  [0;39m Tomcat started on port(s): 8881 (http) with context path ''
2023-04-29 19:13:56.615 INFO  com.example.wiki.config.WikiApplication           :61   [32m                  [0;39m Started WikiApplication in 1.145 seconds (JVM running for 1.691)
2023-04-29 19:13:56.616 INFO  com.example.wiki.config.WikiApplication           :19   [32m                  [0;39m 启动成功！！
2023-04-29 19:13:56.617 INFO  com.example.wiki.config.WikiApplication           :20   [32m                  [0;39m 地址: 	http://127.0.0.1:8881
2023-04-29 19:13:58.249 INFO  o.a.c.core.ContainerBase.[Tomcat].[localhost].[/] :173  [32m                  [0;39m Initializing Spring DispatcherServlet 'dispatcherServlet'
2023-04-29 19:13:58.250 INFO  org.springframework.web.servlet.DispatcherServlet :525  [32m                  [0;39m Initializing Servlet 'dispatcherServlet'
2023-04-29 19:13:58.251 INFO  org.springframework.web.servlet.DispatcherServlet :547  [32m                  [0;39m Completed initialization in 1 ms
2023-04-29 19:14:17.962 INFO  com.example.wiki.config.WikiApplication           :55   [32m                  [0;39m Starting WikiApplication using Java 1.8.0_351 on wangguanyudeMacBook-Pro.local with PID 28280 (/Users/wangguanyu/wgy/09_github/wiki/target/classes started by wangguanyu in /Users/wangguanyu/wgy/09_github/wiki)
2023-04-29 19:14:17.964 INFO  com.example.wiki.config.WikiApplication           :631  [32m                  [0;39m No active profile set, falling back to 1 default profile: "default"
2023-04-29 19:14:18.488 INFO  o.s.boot.web.embedded.tomcat.TomcatWebServer      :108  [32m                  [0;39m Tomcat initialized with port(s): 8880 (http)
2023-04-29 19:14:18.493 INFO  org.apache.coyote.http11.Http11NioProtocol        :173  [32m                  [0;39m Initializing ProtocolHandler ["http-nio-8880"]
2023-04-29 19:14:18.493 INFO  org.apache.catalina.core.StandardService          :173  [32m                  [0;39m Starting service [Tomcat]
2023-04-29 19:14:18.493 INFO  org.apache.catalina.core.StandardEngine           :173  [32m                  [0;39m Starting Servlet engine: [Apache Tomcat/9.0.74]
2023-04-29 19:14:18.574 INFO  o.a.c.core.ContainerBase.[Tomcat].[localhost].[/] :173  [32m                  [0;39m Initializing Spring embedded WebApplicationContext
2023-04-29 19:14:18.575 INFO  o.s.b.w.s.c.ServletWebServerApplicationContext    :292  [32m                  [0;39m Root WebApplicationContext: initialization completed in 576 ms
2023-04-29 19:14:18.772 INFO  org.apache.coyote.http11.Http11NioProtocol        :173  [32m                  [0;39m Starting ProtocolHandler ["http-nio-8880"]
2023-04-29 19:14:18.793 INFO  o.s.boot.web.embedded.tomcat.TomcatWebServer      :220  [32m                  [0;39m Tomcat started on port(s): 8880 (http) with context path ''
2023-04-29 19:14:18.800 INFO  com.example.wiki.config.WikiApplication           :61   [32m                  [0;39m Started WikiApplication in 1.163 seconds (JVM running for 1.517)
2023-04-29 19:14:18.802 INFO  com.example.wiki.config.WikiApplication           :19   [32m                  [0;39m 启动成功！！
2023-04-29 19:14:18.802 INFO  com.example.wiki.config.WikiApplication           :20   [32m                  [0;39m 地址: 	http://127.0.0.1:8880
2023-04-29 19:14:29.312 INFO  com.example.wiki.config.WikiApplication           :55   [32m                  [0;39m Starting WikiApplication using Java 1.8.0_351 on wangguanyudeMacBook-Pro.local with PID 29729 (/Users/wangguanyu/wgy/09_github/wiki/target/classes started by wangguanyu in /Users/wangguanyu/wgy/09_github/wiki)
2023-04-29 19:14:29.315 INFO  com.example.wiki.config.WikiApplication           :631  [32m                  [0;39m No active profile set, falling back to 1 default profile: "default"
2023-04-29 19:14:29.839 INFO  o.s.boot.web.embedded.tomcat.TomcatWebServer      :108  [32m                  [0;39m Tomcat initialized with port(s): 8881 (http)
2023-04-29 19:14:29.844 INFO  org.apache.coyote.http11.Http11NioProtocol        :173  [32m                  [0;39m Initializing ProtocolHandler ["http-nio-8881"]
2023-04-29 19:14:29.845 INFO  org.apache.catalina.core.StandardService          :173  [32m                  [0;39m Starting service [Tomcat]
2023-04-29 19:14:29.845 INFO  org.apache.catalina.core.StandardEngine           :173  [32m                  [0;39m Starting Servlet engine: [Apache Tomcat/9.0.74]
2023-04-29 19:14:29.929 INFO  o.a.c.core.ContainerBase.[Tomcat].[localhost].[/] :173  [32m                  [0;39m Initializing Spring embedded WebApplicationContext
2023-04-29 19:14:29.930 INFO  o.s.b.w.s.c.ServletWebServerApplicationContext    :292  [32m                  [0;39m Root WebApplicationContext: initialization completed in 583 ms
2023-04-29 19:14:30.126 INFO  org.apache.coyote.http11.Http11NioProtocol        :173  [32m                  [0;39m Starting ProtocolHandler ["http-nio-8881"]
2023-04-29 19:14:30.146 INFO  o.s.boot.web.embedded.tomcat.TomcatWebServer      :220  [32m                  [0;39m Tomcat started on port(s): 8881 (http) with context path ''
2023-04-29 19:14:30.155 INFO  com.example.wiki.config.WikiApplication           :61   [32m                  [0;39m Started WikiApplication in 1.143 seconds (JVM running for 1.487)
2023-04-29 19:14:30.156 INFO  com.example.wiki.config.WikiApplication           :19   [32m                  [0;39m 启动成功！！
2023-04-29 19:14:30.157 INFO  com.example.wiki.config.WikiApplication           :20   [32m                  [0;39m 地址: 	http://127.0.0.1:8881
2023-04-29 19:14:54.475 INFO  o.a.c.core.ContainerBase.[Tomcat].[localhost].[/] :173  [32m                  [0;39m Initializing Spring DispatcherServlet 'dispatcherServlet'
2023-04-29 19:14:54.475 INFO  org.springframework.web.servlet.DispatcherServlet :525  [32m                  [0;39m Initializing Servlet 'dispatcherServlet'
2023-04-29 19:14:54.476 INFO  org.springframework.web.servlet.DispatcherServlet :547  [32m                  [0;39m Completed initialization in 0 ms
