2023-04-30 00:19:36.853 INFO  com.example.wiki.config.WikiApplication           :55   [32m                  [0;39m Starting WikiApplication using Java 1.8.0_351 on wangguanyudeMacBook-Pro.local with PID 22120 (/Users/wangguanyu/wgy/09_github/wiki/target/classes started by wangguanyu in /Users/wangguanyu/wgy/09_github/wiki)
2023-04-30 00:19:36.856 INFO  com.example.wiki.config.WikiApplication           :631  [32m                  [0;39m No active profile set, falling back to 1 default profile: "default"
2023-04-30 00:19:37.393 INFO  o.s.boot.web.embedded.tomcat.TomcatWebServer      :108  [32m                  [0;39m Tomcat initialized with port(s): 8881 (http)
2023-04-30 00:19:37.399 INFO  org.apache.coyote.http11.Http11NioProtocol        :173  [32m                  [0;39m Initializing ProtocolHandler ["http-nio-8881"]
2023-04-30 00:19:37.399 INFO  org.apache.catalina.core.StandardService          :173  [32m                  [0;39m Starting service [Tomcat]
2023-04-30 00:19:37.400 INFO  org.apache.catalina.core.StandardEngine           :173  [32m                  [0;39m Starting Servlet engine: [Apache Tomcat/9.0.74]
2023-04-30 00:19:37.480 INFO  o.a.c.core.ContainerBase.[Tomcat].[localhost].[/] :173  [32m                  [0;39m Initializing Spring embedded WebApplicationContext
2023-04-30 00:19:37.480 INFO  o.s.b.w.s.c.ServletWebServerApplicationContext    :292  [32m                  [0;39m Root WebApplicationContext: initialization completed in 589 ms
2023-04-30 00:19:37.675 INFO  org.apache.coyote.http11.Http11NioProtocol        :173  [32m                  [0;39m Starting ProtocolHandler ["http-nio-8881"]
2023-04-30 00:19:37.695 INFO  o.s.boot.web.embedded.tomcat.TomcatWebServer      :220  [32m                  [0;39m Tomcat started on port(s): 8881 (http) with context path ''
2023-04-30 00:19:37.703 INFO  com.example.wiki.config.WikiApplication           :61   [32m                  [0;39m Started WikiApplication in 1.143 seconds (JVM running for 1.482)
2023-04-30 00:19:37.705 INFO  com.example.wiki.config.WikiApplication           :19   [32m                  [0;39m 启动成功！！
2023-04-30 00:19:37.705 INFO  com.example.wiki.config.WikiApplication           :20   [32m                  [0;39m 地址: 	http://127.0.0.1:8881
2023-04-30 00:19:55.233 INFO  o.a.c.core.ContainerBase.[Tomcat].[localhost].[/] :173  [32m                  [0;39m Initializing Spring DispatcherServlet 'dispatcherServlet'
2023-04-30 00:19:55.234 INFO  org.springframework.web.servlet.DispatcherServlet :525  [32m                  [0;39m Initializing Servlet 'dispatcherServlet'
2023-04-30 00:19:55.235 INFO  org.springframework.web.servlet.DispatcherServlet :547  [32m                  [0;39m Completed initialization in 1 ms
2023-04-30 00:20:52.286 INFO  com.example.wiki.config.WikiApplication           :55   [32m                  [0;39m Starting WikiApplication using Java 1.8.0_351 on wangguanyudeMacBook-Pro.local with PID 29036 (/Users/wangguanyu/wgy/09_github/wiki/target/classes started by wangguanyu in /Users/wangguanyu/wgy/09_github/wiki)
2023-04-30 00:20:52.290 INFO  com.example.wiki.config.WikiApplication           :631  [32m                  [0;39m No active profile set, falling back to 1 default profile: "default"
2023-04-30 00:20:53.028 INFO  o.s.boot.web.embedded.tomcat.TomcatWebServer      :108  [32m                  [0;39m Tomcat initialized with port(s): 8881 (http)
2023-04-30 00:20:53.035 INFO  org.apache.coyote.http11.Http11NioProtocol        :173  [32m                  [0;39m Initializing ProtocolHandler ["http-nio-8881"]
2023-04-30 00:20:53.035 INFO  org.apache.catalina.core.StandardService          :173  [32m                  [0;39m Starting service [Tomcat]
2023-04-30 00:20:53.035 INFO  org.apache.catalina.core.StandardEngine           :173  [32m                  [0;39m Starting Servlet engine: [Apache Tomcat/9.0.74]
2023-04-30 00:20:53.139 INFO  o.a.c.core.ContainerBase.[Tomcat].[localhost].[/] :173  [32m                  [0;39m Initializing Spring embedded WebApplicationContext
2023-04-30 00:20:53.139 INFO  o.s.b.w.s.c.ServletWebServerApplicationContext    :292  [32m                  [0;39m Root WebApplicationContext: initialization completed in 805 ms
2023-04-30 00:20:53.407 INFO  org.apache.coyote.http11.Http11NioProtocol        :173  [32m                  [0;39m Starting ProtocolHandler ["http-nio-8881"]
2023-04-30 00:20:53.431 INFO  o.s.boot.web.embedded.tomcat.TomcatWebServer      :220  [32m                  [0;39m Tomcat started on port(s): 8881 (http) with context path ''
2023-04-30 00:20:53.441 INFO  com.example.wiki.config.WikiApplication           :61   [32m                  [0;39m Started WikiApplication in 1.593 seconds (JVM running for 2.044)
2023-04-30 00:20:53.444 INFO  com.example.wiki.config.WikiApplication           :19   [32m                  [0;39m 启动成功！！
2023-04-30 00:20:53.445 INFO  com.example.wiki.config.WikiApplication           :20   [32m                  [0;39m 地址: 	http://127.0.0.1:8881
2023-04-30 00:21:00.419 INFO  o.a.c.core.ContainerBase.[Tomcat].[localhost].[/] :173  [32m                  [0;39m Initializing Spring DispatcherServlet 'dispatcherServlet'
2023-04-30 00:21:00.419 INFO  org.springframework.web.servlet.DispatcherServlet :525  [32m                  [0;39m Initializing Servlet 'dispatcherServlet'
2023-04-30 00:21:00.420 INFO  org.springframework.web.servlet.DispatcherServlet :547  [32m                  [0;39m Completed initialization in 1 ms
2023-04-30 00:44:18.818 INFO  com.example.wiki.config.WikiApplication           :55   [32m                  [0;39m Starting WikiApplication using Java 1.8.0_351 on wangguanyudeMacBook-Pro.local with PID 42621 (/Users/wangguanyu/wgy/09_github/wiki/target/classes started by wangguanyu in /Users/wangguanyu/wgy/09_github/wiki)
2023-04-30 00:44:18.820 INFO  com.example.wiki.config.WikiApplication           :631  [32m                  [0;39m No active profile set, falling back to 1 default profile: "default"
2023-04-30 00:44:19.360 INFO  o.s.boot.web.embedded.tomcat.TomcatWebServer      :108  [32m                  [0;39m Tomcat initialized with port(s): 8881 (http)
2023-04-30 00:44:19.365 INFO  org.apache.coyote.http11.Http11NioProtocol        :173  [32m                  [0;39m Initializing ProtocolHandler ["http-nio-8881"]
2023-04-30 00:44:19.365 INFO  org.apache.catalina.core.StandardService          :173  [32m                  [0;39m Starting service [Tomcat]
2023-04-30 00:44:19.365 INFO  org.apache.catalina.core.StandardEngine           :173  [32m                  [0;39m Starting Servlet engine: [Apache Tomcat/9.0.74]
2023-04-30 00:44:19.464 INFO  o.a.c.core.ContainerBase.[Tomcat].[localhost].[/] :173  [32m                  [0;39m Initializing Spring embedded WebApplicationContext
2023-04-30 00:44:19.465 INFO  o.s.b.w.s.c.ServletWebServerApplicationContext    :292  [32m                  [0;39m Root WebApplicationContext: initialization completed in 614 ms
2023-04-30 00:44:19.693 INFO  org.apache.coyote.http11.Http11NioProtocol        :173  [32m                  [0;39m Starting ProtocolHandler ["http-nio-8881"]
2023-04-30 00:44:19.717 INFO  o.s.boot.web.embedded.tomcat.TomcatWebServer      :220  [32m                  [0;39m Tomcat started on port(s): 8881 (http) with context path ''
2023-04-30 00:44:19.727 INFO  com.example.wiki.config.WikiApplication           :61   [32m                  [0;39m Started WikiApplication in 1.203 seconds (JVM running for 1.786)
2023-04-30 00:44:19.729 INFO  com.example.wiki.config.WikiApplication           :19   [32m                  [0;39m 启动成功！！
2023-04-30 00:44:19.729 INFO  com.example.wiki.config.WikiApplication           :20   [32m                  [0;39m 地址: 	http://127.0.0.1:8881
2023-04-30 00:44:28.998 INFO  o.a.c.core.ContainerBase.[Tomcat].[localhost].[/] :173  [32m                  [0;39m Initializing Spring DispatcherServlet 'dispatcherServlet'
2023-04-30 00:44:28.998 INFO  org.springframework.web.servlet.DispatcherServlet :525  [32m                  [0;39m Initializing Servlet 'dispatcherServlet'
2023-04-30 00:44:28.999 INFO  org.springframework.web.servlet.DispatcherServlet :547  [32m                  [0;39m Completed initialization in 1 ms
2023-04-30 00:47:08.805 INFO  com.example.wiki.config.WikiApplication           :55   [32m                  [0;39m Starting WikiApplication using Java 1.8.0_351 on wangguanyudeMacBook-Pro.local with PID 56197 (/Users/wangguanyu/wgy/09_github/wiki/target/classes started by wangguanyu in /Users/wangguanyu/wgy/09_github/wiki)
2023-04-30 00:47:08.807 INFO  com.example.wiki.config.WikiApplication           :631  [32m                  [0;39m No active profile set, falling back to 1 default profile: "default"
2023-04-30 00:47:09.336 INFO  o.s.boot.web.embedded.tomcat.TomcatWebServer      :108  [32m                  [0;39m Tomcat initialized with port(s): 8881 (http)
2023-04-30 00:47:09.341 INFO  org.apache.coyote.http11.Http11NioProtocol        :173  [32m                  [0;39m Initializing ProtocolHandler ["http-nio-8881"]
2023-04-30 00:47:09.341 INFO  org.apache.catalina.core.StandardService          :173  [32m                  [0;39m Starting service [Tomcat]
2023-04-30 00:47:09.342 INFO  org.apache.catalina.core.StandardEngine           :173  [32m                  [0;39m Starting Servlet engine: [Apache Tomcat/9.0.74]
2023-04-30 00:47:09.418 INFO  o.a.c.core.ContainerBase.[Tomcat].[localhost].[/] :173  [32m                  [0;39m Initializing Spring embedded WebApplicationContext
2023-04-30 00:47:09.418 INFO  o.s.b.w.s.c.ServletWebServerApplicationContext    :292  [32m                  [0;39m Root WebApplicationContext: initialization completed in 576 ms
2023-04-30 00:47:09.614 INFO  org.apache.coyote.http11.Http11NioProtocol        :173  [32m                  [0;39m Starting ProtocolHandler ["http-nio-8881"]
2023-04-30 00:47:09.635 INFO  o.s.boot.web.embedded.tomcat.TomcatWebServer      :220  [32m                  [0;39m Tomcat started on port(s): 8881 (http) with context path ''
2023-04-30 00:47:09.643 INFO  com.example.wiki.config.WikiApplication           :61   [32m                  [0;39m Started WikiApplication in 1.155 seconds (JVM running for 1.73)
2023-04-30 00:47:09.645 INFO  com.example.wiki.config.WikiApplication           :19   [32m                  [0;39m 启动成功！！
2023-04-30 00:47:09.646 INFO  com.example.wiki.config.WikiApplication           :20   [32m                  [0;39m 地址: 	http://127.0.0.1:8881
2023-04-30 00:47:14.390 INFO  o.a.c.core.ContainerBase.[Tomcat].[localhost].[/] :173  [32m                  [0;39m Initializing Spring DispatcherServlet 'dispatcherServlet'
2023-04-30 00:47:14.390 INFO  org.springframework.web.servlet.DispatcherServlet :525  [32m                  [0;39m Initializing Servlet 'dispatcherServlet'
2023-04-30 00:47:14.391 INFO  org.springframework.web.servlet.DispatcherServlet :547  [32m                  [0;39m Completed initialization in 0 ms
2023-04-30 00:48:38.341 INFO  com.example.wiki.config.WikiApplication           :55   [32m                  [0;39m Starting WikiApplication using Java 1.8.0_351 on wangguanyudeMacBook-Pro.local with PID 63549 (/Users/wangguanyu/wgy/09_github/wiki/target/classes started by wangguanyu in /Users/wangguanyu/wgy/09_github/wiki)
2023-04-30 00:48:38.344 INFO  com.example.wiki.config.WikiApplication           :631  [32m                  [0;39m No active profile set, falling back to 1 default profile: "default"
2023-04-30 00:48:38.880 INFO  o.s.boot.web.embedded.tomcat.TomcatWebServer      :108  [32m                  [0;39m Tomcat initialized with port(s): 8881 (http)
2023-04-30 00:48:38.886 INFO  org.apache.coyote.http11.Http11NioProtocol        :173  [32m                  [0;39m Initializing ProtocolHandler ["http-nio-8881"]
2023-04-30 00:48:38.886 INFO  org.apache.catalina.core.StandardService          :173  [32m                  [0;39m Starting service [Tomcat]
2023-04-30 00:48:38.886 INFO  org.apache.catalina.core.StandardEngine           :173  [32m                  [0;39m Starting Servlet engine: [Apache Tomcat/9.0.74]
2023-04-30 00:48:38.965 INFO  o.a.c.core.ContainerBase.[Tomcat].[localhost].[/] :173  [32m                  [0;39m Initializing Spring embedded WebApplicationContext
2023-04-30 00:48:38.965 INFO  o.s.b.w.s.c.ServletWebServerApplicationContext    :292  [32m                  [0;39m Root WebApplicationContext: initialization completed in 589 ms
2023-04-30 00:48:39.162 INFO  org.apache.coyote.http11.Http11NioProtocol        :173  [32m                  [0;39m Starting ProtocolHandler ["http-nio-8881"]
2023-04-30 00:48:39.183 INFO  o.s.boot.web.embedded.tomcat.TomcatWebServer      :220  [32m                  [0;39m Tomcat started on port(s): 8881 (http) with context path ''
2023-04-30 00:48:39.190 INFO  com.example.wiki.config.WikiApplication           :61   [32m                  [0;39m Started WikiApplication in 1.14 seconds (JVM running for 1.495)
2023-04-30 00:48:39.192 INFO  com.example.wiki.config.WikiApplication           :19   [32m                  [0;39m 启动成功！！
2023-04-30 00:48:39.192 INFO  com.example.wiki.config.WikiApplication           :20   [32m                  [0;39m 地址: 	http://127.0.0.1:8881
2023-04-30 00:48:43.490 INFO  o.a.c.core.ContainerBase.[Tomcat].[localhost].[/] :173  [32m                  [0;39m Initializing Spring DispatcherServlet 'dispatcherServlet'
2023-04-30 00:48:43.491 INFO  org.springframework.web.servlet.DispatcherServlet :525  [32m                  [0;39m Initializing Servlet 'dispatcherServlet'
2023-04-30 00:48:43.492 INFO  org.springframework.web.servlet.DispatcherServlet :547  [32m                  [0;39m Completed initialization in 1 ms
2023-04-30 00:50:00.949 INFO  com.example.wiki.config.WikiApplication           :55   [32m                  [0;39m Starting WikiApplication using Java 1.8.0_351 on wangguanyudeMacBook-Pro.local with PID 70083 (/Users/wangguanyu/wgy/09_github/wiki/target/classes started by wangguanyu in /Users/wangguanyu/wgy/09_github/wiki)
2023-04-30 00:50:00.951 INFO  com.example.wiki.config.WikiApplication           :631  [32m                  [0;39m No active profile set, falling back to 1 default profile: "default"
2023-04-30 00:50:01.486 INFO  o.s.boot.web.embedded.tomcat.TomcatWebServer      :108  [32m                  [0;39m Tomcat initialized with port(s): 8881 (http)
2023-04-30 00:50:01.491 INFO  org.apache.coyote.http11.Http11NioProtocol        :173  [32m                  [0;39m Initializing ProtocolHandler ["http-nio-8881"]
2023-04-30 00:50:01.492 INFO  org.apache.catalina.core.StandardService          :173  [32m                  [0;39m Starting service [Tomcat]
2023-04-30 00:50:01.492 INFO  org.apache.catalina.core.StandardEngine           :173  [32m                  [0;39m Starting Servlet engine: [Apache Tomcat/9.0.74]
2023-04-30 00:50:01.572 INFO  o.a.c.core.ContainerBase.[Tomcat].[localhost].[/] :173  [32m                  [0;39m Initializing Spring embedded WebApplicationContext
2023-04-30 00:50:01.572 INFO  o.s.b.w.s.c.ServletWebServerApplicationContext    :292  [32m                  [0;39m Root WebApplicationContext: initialization completed in 590 ms
2023-04-30 00:50:01.777 INFO  org.apache.coyote.http11.Http11NioProtocol        :173  [32m                  [0;39m Starting ProtocolHandler ["http-nio-8881"]
2023-04-30 00:50:01.798 INFO  o.s.boot.web.embedded.tomcat.TomcatWebServer      :220  [32m                  [0;39m Tomcat started on port(s): 8881 (http) with context path ''
2023-04-30 00:50:01.805 INFO  com.example.wiki.config.WikiApplication           :61   [32m                  [0;39m Started WikiApplication in 1.162 seconds (JVM running for 1.681)
2023-04-30 00:50:01.808 INFO  com.example.wiki.config.WikiApplication           :19   [32m                  [0;39m 启动成功！！
2023-04-30 00:50:01.808 INFO  com.example.wiki.config.WikiApplication           :20   [32m                  [0;39m 地址: 	http://127.0.0.1:8881
2023-04-30 00:50:11.395 INFO  o.a.c.core.ContainerBase.[Tomcat].[localhost].[/] :173  [32m                  [0;39m Initializing Spring DispatcherServlet 'dispatcherServlet'
2023-04-30 00:50:11.396 INFO  org.springframework.web.servlet.DispatcherServlet :525  [32m                  [0;39m Initializing Servlet 'dispatcherServlet'
2023-04-30 00:50:11.397 INFO  org.springframework.web.servlet.DispatcherServlet :547  [32m                  [0;39m Completed initialization in 0 ms
2023-04-30 00:53:06.701 INFO  com.example.wiki.config.WikiApplication           :55   [32m                  [0;39m Starting WikiApplication using Java 1.8.0_351 on wangguanyudeMacBook-Pro.local with PID 84949 (/Users/wangguanyu/wgy/09_github/wiki/target/classes started by wangguanyu in /Users/wangguanyu/wgy/09_github/wiki)
2023-04-30 00:53:06.702 INFO  com.example.wiki.config.WikiApplication           :631  [32m                  [0;39m No active profile set, falling back to 1 default profile: "default"
2023-04-30 00:53:06.736 INFO  o.s.b.d.env.DevToolsPropertyDefaultsPostProcessor :255  [32m                  [0;39m Devtools property defaults active! Set 'spring.devtools.add-properties' to 'false' to disable
2023-04-30 00:53:06.737 INFO  o.s.b.d.env.DevToolsPropertyDefaultsPostProcessor :255  [32m                  [0;39m For additional web related logging consider setting the 'logging.level.web' property to 'DEBUG'
2023-04-30 00:53:07.359 INFO  o.s.boot.web.embedded.tomcat.TomcatWebServer      :108  [32m                  [0;39m Tomcat initialized with port(s): 8881 (http)
2023-04-30 00:53:07.364 INFO  org.apache.coyote.http11.Http11NioProtocol        :173  [32m                  [0;39m Initializing ProtocolHandler ["http-nio-8881"]
2023-04-30 00:53:07.364 INFO  org.apache.catalina.core.StandardService          :173  [32m                  [0;39m Starting service [Tomcat]
2023-04-30 00:53:07.365 INFO  org.apache.catalina.core.StandardEngine           :173  [32m                  [0;39m Starting Servlet engine: [Apache Tomcat/9.0.74]
2023-04-30 00:53:07.399 INFO  o.a.c.core.ContainerBase.[Tomcat].[localhost].[/] :173  [32m                  [0;39m Initializing Spring embedded WebApplicationContext
2023-04-30 00:53:07.399 INFO  o.s.b.w.s.c.ServletWebServerApplicationContext    :292  [32m                  [0;39m Root WebApplicationContext: initialization completed in 662 ms
2023-04-30 00:53:07.604 INFO  o.s.b.d.autoconfigure.OptionalLiveReloadServer    :59   [32m                  [0;39m LiveReload server is running on port 35729
2023-04-30 00:53:07.617 INFO  org.apache.coyote.http11.Http11NioProtocol        :173  [32m                  [0;39m Starting ProtocolHandler ["http-nio-8881"]
2023-04-30 00:53:07.638 INFO  o.s.boot.web.embedded.tomcat.TomcatWebServer      :220  [32m                  [0;39m Tomcat started on port(s): 8881 (http) with context path ''
2023-04-30 00:53:07.647 INFO  com.example.wiki.config.WikiApplication           :61   [32m                  [0;39m Started WikiApplication in 1.24 seconds (JVM running for 1.872)
2023-04-30 00:53:07.649 INFO  com.example.wiki.config.WikiApplication           :19   [32m                  [0;39m 启动成功！！
2023-04-30 00:53:07.650 INFO  com.example.wiki.config.WikiApplication           :20   [32m                  [0;39m 地址: 	http://127.0.0.1:8881
2023-04-30 00:53:21.088 INFO  o.s.b.d.a.LocalDevToolsAutoConfiguration$RestartingClassPathChangeChangedEventListener:211  [32m                  [0;39m Restarting due to 1 class path change (0 additions, 0 deletions, 1 modification)
2023-04-30 00:53:22.097 INFO  org.apache.coyote.http11.Http11NioProtocol        :173  [32m                  [0;39m Pausing ProtocolHandler ["http-nio-8881"]
2023-04-30 00:53:22.098 WARN  org.apache.tomcat.util.net.NioEndpoint            :173  [32m                  [0;39m Failed to unlock acceptor for [http-nio-8881] because the local address was not available
2023-04-30 00:53:22.098 INFO  org.apache.catalina.core.StandardService          :173  [32m                  [0;39m Stopping service [Tomcat]
2023-04-30 00:53:22.098 ERROR org.apache.tomcat.util.net.Acceptor               :175  [32m                  [0;39m Socket accept failed
java.nio.channels.AsynchronousCloseException: null
	at java.nio.channels.spi.AbstractInterruptibleChannel.end(AbstractInterruptibleChannel.java:205)
	at sun.nio.ch.ServerSocketChannelImpl.accept(ServerSocketChannelImpl.java:259)
	at org.apache.tomcat.util.net.NioEndpoint.serverSocketAccept(NioEndpoint.java:548)
	at org.apache.tomcat.util.net.NioEndpoint.serverSocketAccept(NioEndpoint.java:79)
	at org.apache.tomcat.util.net.Acceptor.run(Acceptor.java:129)
	at java.lang.Thread.run(Thread.java:750)
2023-04-30 00:53:22.102 INFO  org.apache.coyote.http11.Http11NioProtocol        :173  [32m                  [0;39m Stopping ProtocolHandler ["http-nio-8881"]
2023-04-30 00:53:22.105 INFO  org.apache.coyote.http11.Http11NioProtocol        :173  [32m                  [0;39m Destroying ProtocolHandler ["http-nio-8881"]
2023-04-30 00:53:22.190 INFO  com.example.wiki.config.WikiApplication           :55   [32m                  [0;39m Starting WikiApplication using Java 1.8.0_351 on wangguanyudeMacBook-Pro.local with PID 84949 (/Users/wangguanyu/wgy/09_github/wiki/target/classes started by wangguanyu in /Users/wangguanyu/wgy/09_github/wiki)
2023-04-30 00:53:22.190 INFO  com.example.wiki.config.WikiApplication           :631  [32m                  [0;39m No active profile set, falling back to 1 default profile: "default"
2023-04-30 00:53:22.306 INFO  o.s.boot.web.embedded.tomcat.TomcatWebServer      :108  [32m                  [0;39m Tomcat initialized with port(s): 8881 (http)
2023-04-30 00:53:22.306 INFO  org.apache.coyote.http11.Http11NioProtocol        :173  [32m                  [0;39m Initializing ProtocolHandler ["http-nio-8881"]
2023-04-30 00:53:22.307 INFO  org.apache.catalina.core.StandardService          :173  [32m                  [0;39m Starting service [Tomcat]
2023-04-30 00:53:22.307 INFO  org.apache.catalina.core.StandardEngine           :173  [32m                  [0;39m Starting Servlet engine: [Apache Tomcat/9.0.74]
2023-04-30 00:53:22.315 INFO  o.a.c.core.ContainerBase.[Tomcat].[localhost].[/] :173  [32m                  [0;39m Initializing Spring embedded WebApplicationContext
2023-04-30 00:53:22.315 INFO  o.s.b.w.s.c.ServletWebServerApplicationContext    :292  [32m                  [0;39m Root WebApplicationContext: initialization completed in 123 ms
2023-04-30 00:53:22.368 INFO  o.s.b.d.autoconfigure.OptionalLiveReloadServer    :59   [32m                  [0;39m LiveReload server is running on port 35729
2023-04-30 00:53:22.374 INFO  org.apache.coyote.http11.Http11NioProtocol        :173  [32m                  [0;39m Starting ProtocolHandler ["http-nio-8881"]
2023-04-30 00:53:22.375 INFO  o.s.boot.web.embedded.tomcat.TomcatWebServer      :220  [32m                  [0;39m Tomcat started on port(s): 8881 (http) with context path ''
2023-04-30 00:53:22.379 INFO  com.example.wiki.config.WikiApplication           :61   [32m                  [0;39m Started WikiApplication in 0.214 seconds (JVM running for 16.603)
2023-04-30 00:53:22.380 INFO  o.s.b.d.a.ConditionEvaluationDeltaLoggingListener :63   [32m                  [0;39m Condition evaluation unchanged
2023-04-30 00:53:22.381 INFO  com.example.wiki.config.WikiApplication           :19   [32m                  [0;39m 启动成功！！
2023-04-30 00:53:22.381 INFO  com.example.wiki.config.WikiApplication           :20   [32m                  [0;39m 地址: 	http://127.0.0.1:8881
2023-04-30 00:53:35.847 INFO  o.s.b.d.a.LocalDevToolsAutoConfiguration$RestartingClassPathChangeChangedEventListener:211  [32m                  [0;39m Restarting due to 1 class path change (0 additions, 0 deletions, 1 modification)
2023-04-30 00:53:36.850 INFO  org.apache.coyote.http11.Http11NioProtocol        :173  [32m                  [0;39m Pausing ProtocolHandler ["http-nio-8881"]
2023-04-30 00:53:36.850 ERROR org.apache.tomcat.util.net.Acceptor               :175  [32m                  [0;39m Socket accept failed
java.nio.channels.AsynchronousCloseException: null
	at java.nio.channels.spi.AbstractInterruptibleChannel.end(AbstractInterruptibleChannel.java:205)
	at sun.nio.ch.ServerSocketChannelImpl.accept(ServerSocketChannelImpl.java:259)
	at org.apache.tomcat.util.net.NioEndpoint.serverSocketAccept(NioEndpoint.java:548)
	at org.apache.tomcat.util.net.NioEndpoint.serverSocketAccept(NioEndpoint.java:79)
	at org.apache.tomcat.util.net.Acceptor.run(Acceptor.java:129)
	at java.lang.Thread.run(Thread.java:750)
2023-04-30 00:53:36.851 WARN  org.apache.tomcat.util.net.NioEndpoint            :173  [32m                  [0;39m Failed to unlock acceptor for [http-nio-8881] because the local address was not available
2023-04-30 00:53:36.852 INFO  org.apache.catalina.core.StandardService          :173  [32m                  [0;39m Stopping service [Tomcat]
2023-04-30 00:53:36.855 INFO  org.apache.coyote.http11.Http11NioProtocol        :173  [32m                  [0;39m Stopping ProtocolHandler ["http-nio-8881"]
2023-04-30 00:53:36.857 INFO  org.apache.coyote.http11.Http11NioProtocol        :173  [32m                  [0;39m Destroying ProtocolHandler ["http-nio-8881"]
2023-04-30 00:53:36.956 INFO  com.example.wiki.config.WikiApplication           :55   [32m                  [0;39m Starting WikiApplication using Java 1.8.0_351 on wangguanyudeMacBook-Pro.local with PID 84949 (/Users/wangguanyu/wgy/09_github/wiki/target/classes started by wangguanyu in /Users/wangguanyu/wgy/09_github/wiki)
2023-04-30 00:53:36.957 INFO  com.example.wiki.config.WikiApplication           :631  [32m                  [0;39m No active profile set, falling back to 1 default profile: "default"
2023-04-30 00:53:37.047 INFO  o.s.boot.web.embedded.tomcat.TomcatWebServer      :108  [32m                  [0;39m Tomcat initialized with port(s): 8881 (http)
2023-04-30 00:53:37.047 INFO  org.apache.coyote.http11.Http11NioProtocol        :173  [32m                  [0;39m Initializing ProtocolHandler ["http-nio-8881"]
2023-04-30 00:53:37.047 INFO  org.apache.catalina.core.StandardService          :173  [32m                  [0;39m Starting service [Tomcat]
2023-04-30 00:53:37.048 INFO  org.apache.catalina.core.StandardEngine           :173  [32m                  [0;39m Starting Servlet engine: [Apache Tomcat/9.0.74]
2023-04-30 00:53:37.052 INFO  o.a.c.core.ContainerBase.[Tomcat].[localhost].[/] :173  [32m                  [0;39m Initializing Spring embedded WebApplicationContext
2023-04-30 00:53:37.053 INFO  o.s.b.w.s.c.ServletWebServerApplicationContext    :292  [32m                  [0;39m Root WebApplicationContext: initialization completed in 95 ms
2023-04-30 00:53:37.095 INFO  o.s.b.d.autoconfigure.OptionalLiveReloadServer    :59   [32m                  [0;39m LiveReload server is running on port 35729
2023-04-30 00:53:37.099 INFO  org.apache.coyote.http11.Http11NioProtocol        :173  [32m                  [0;39m Starting ProtocolHandler ["http-nio-8881"]
2023-04-30 00:53:37.100 INFO  o.s.boot.web.embedded.tomcat.TomcatWebServer      :220  [32m                  [0;39m Tomcat started on port(s): 8881 (http) with context path ''
2023-04-30 00:53:37.104 INFO  com.example.wiki.config.WikiApplication           :61   [32m                  [0;39m Started WikiApplication in 0.171 seconds (JVM running for 31.328)
2023-04-30 00:53:37.105 INFO  o.s.b.d.a.ConditionEvaluationDeltaLoggingListener :63   [32m                  [0;39m Condition evaluation unchanged
2023-04-30 00:53:37.105 INFO  com.example.wiki.config.WikiApplication           :19   [32m                  [0;39m 启动成功！！
2023-04-30 00:53:37.105 INFO  com.example.wiki.config.WikiApplication           :20   [32m                  [0;39m 地址: 	http://127.0.0.1:8881
2023-04-30 00:53:42.914 INFO  o.a.c.core.ContainerBase.[Tomcat].[localhost].[/] :173  [32m                  [0;39m Initializing Spring DispatcherServlet 'dispatcherServlet'
2023-04-30 00:53:42.915 INFO  org.springframework.web.servlet.DispatcherServlet :525  [32m                  [0;39m Initializing Servlet 'dispatcherServlet'
2023-04-30 00:53:42.916 INFO  org.springframework.web.servlet.DispatcherServlet :547  [32m                  [0;39m Completed initialization in 1 ms
2023-04-30 00:54:18.752 INFO  o.s.b.d.a.LocalDevToolsAutoConfiguration$RestartingClassPathChangeChangedEventListener:211  [32m                  [0;39m Restarting due to 1 class path change (0 additions, 0 deletions, 1 modification)
2023-04-30 00:54:19.756 INFO  org.apache.coyote.http11.Http11NioProtocol        :173  [32m                  [0;39m Pausing ProtocolHandler ["http-nio-8881"]
2023-04-30 00:54:19.756 ERROR org.apache.tomcat.util.net.Acceptor               :175  [32m                  [0;39m Socket accept failed
java.nio.channels.AsynchronousCloseException: null
	at java.nio.channels.spi.AbstractInterruptibleChannel.end(AbstractInterruptibleChannel.java:205)
	at sun.nio.ch.ServerSocketChannelImpl.accept(ServerSocketChannelImpl.java:259)
	at org.apache.tomcat.util.net.NioEndpoint.serverSocketAccept(NioEndpoint.java:548)
	at org.apache.tomcat.util.net.NioEndpoint.serverSocketAccept(NioEndpoint.java:79)
	at org.apache.tomcat.util.net.Acceptor.run(Acceptor.java:129)
	at java.lang.Thread.run(Thread.java:750)
2023-04-30 00:54:19.757 WARN  org.apache.tomcat.util.net.NioEndpoint            :173  [32m                  [0;39m Failed to unlock acceptor for [http-nio-8881] because the local address was not available
2023-04-30 00:54:19.757 INFO  org.apache.catalina.core.StandardService          :173  [32m                  [0;39m Stopping service [Tomcat]
2023-04-30 00:54:19.759 INFO  o.a.c.core.ContainerBase.[Tomcat].[localhost].[/] :173  [32m                  [0;39m Destroying Spring FrameworkServlet 'dispatcherServlet'
2023-04-30 00:54:19.761 INFO  org.apache.coyote.http11.Http11NioProtocol        :173  [32m                  [0;39m Stopping ProtocolHandler ["http-nio-8881"]
2023-04-30 00:54:19.762 INFO  org.apache.coyote.http11.Http11NioProtocol        :173  [32m                  [0;39m Destroying ProtocolHandler ["http-nio-8881"]
2023-04-30 00:54:19.864 INFO  com.example.wiki.config.WikiApplication           :55   [32m                  [0;39m Starting WikiApplication using Java 1.8.0_351 on wangguanyudeMacBook-Pro.local with PID 84949 (/Users/wangguanyu/wgy/09_github/wiki/target/classes started by wangguanyu in /Users/wangguanyu/wgy/09_github/wiki)
2023-04-30 00:54:19.864 INFO  com.example.wiki.config.WikiApplication           :631  [32m                  [0;39m No active profile set, falling back to 1 default profile: "default"
2023-04-30 00:54:19.955 INFO  o.s.boot.web.embedded.tomcat.TomcatWebServer      :108  [32m                  [0;39m Tomcat initialized with port(s): 8881 (http)
2023-04-30 00:54:19.955 INFO  org.apache.coyote.http11.Http11NioProtocol        :173  [32m                  [0;39m Initializing ProtocolHandler ["http-nio-8881"]
2023-04-30 00:54:19.956 INFO  org.apache.catalina.core.StandardService          :173  [32m                  [0;39m Starting service [Tomcat]
2023-04-30 00:54:19.956 INFO  org.apache.catalina.core.StandardEngine           :173  [32m                  [0;39m Starting Servlet engine: [Apache Tomcat/9.0.74]
2023-04-30 00:54:19.961 INFO  o.a.c.core.ContainerBase.[Tomcat].[localhost].[/] :173  [32m                  [0;39m Initializing Spring embedded WebApplicationContext
2023-04-30 00:54:19.961 INFO  o.s.b.w.s.c.ServletWebServerApplicationContext    :292  [32m                  [0;39m Root WebApplicationContext: initialization completed in 96 ms
2023-04-30 00:54:20.005 INFO  o.s.b.d.autoconfigure.OptionalLiveReloadServer    :59   [32m                  [0;39m LiveReload server is running on port 35729
2023-04-30 00:54:20.009 INFO  org.apache.coyote.http11.Http11NioProtocol        :173  [32m                  [0;39m Starting ProtocolHandler ["http-nio-8881"]
2023-04-30 00:54:20.011 INFO  o.s.boot.web.embedded.tomcat.TomcatWebServer      :220  [32m                  [0;39m Tomcat started on port(s): 8881 (http) with context path ''
2023-04-30 00:54:20.014 INFO  com.example.wiki.config.WikiApplication           :61   [32m                  [0;39m Started WikiApplication in 0.172 seconds (JVM running for 74.237)
2023-04-30 00:54:20.015 INFO  o.s.b.d.a.ConditionEvaluationDeltaLoggingListener :63   [32m                  [0;39m Condition evaluation unchanged
2023-04-30 00:54:20.015 INFO  com.example.wiki.config.WikiApplication           :19   [32m                  [0;39m 启动成功！！
2023-04-30 00:54:20.016 INFO  com.example.wiki.config.WikiApplication           :20   [32m                  [0;39m 地址: 	http://127.0.0.1:8881
2023-04-30 00:54:28.420 INFO  o.a.c.core.ContainerBase.[Tomcat].[localhost].[/] :173  [32m                  [0;39m Initializing Spring DispatcherServlet 'dispatcherServlet'
2023-04-30 00:54:28.421 INFO  org.springframework.web.servlet.DispatcherServlet :525  [32m                  [0;39m Initializing Servlet 'dispatcherServlet'
2023-04-30 00:54:28.422 INFO  org.springframework.web.servlet.DispatcherServlet :547  [32m                  [0;39m Completed initialization in 1 ms
2023-04-30 00:54:49.579 INFO  o.s.b.d.a.LocalDevToolsAutoConfiguration$RestartingClassPathChangeChangedEventListener:211  [32m                  [0;39m Restarting due to 1 class path change (0 additions, 0 deletions, 1 modification)
2023-04-30 00:54:50.583 INFO  org.apache.coyote.http11.Http11NioProtocol        :173  [32m                  [0;39m Pausing ProtocolHandler ["http-nio-8881"]
2023-04-30 00:54:50.583 ERROR org.apache.tomcat.util.net.Acceptor               :175  [32m                  [0;39m Socket accept failed
java.nio.channels.AsynchronousCloseException: null
	at java.nio.channels.spi.AbstractInterruptibleChannel.end(AbstractInterruptibleChannel.java:205)
	at sun.nio.ch.ServerSocketChannelImpl.accept(ServerSocketChannelImpl.java:259)
	at org.apache.tomcat.util.net.NioEndpoint.serverSocketAccept(NioEndpoint.java:548)
	at org.apache.tomcat.util.net.NioEndpoint.serverSocketAccept(NioEndpoint.java:79)
	at org.apache.tomcat.util.net.Acceptor.run(Acceptor.java:129)
	at java.lang.Thread.run(Thread.java:750)
2023-04-30 00:54:50.583 WARN  org.apache.tomcat.util.net.NioEndpoint            :173  [32m                  [0;39m Failed to unlock acceptor for [http-nio-8881] because the local address was not available
2023-04-30 00:54:50.584 INFO  org.apache.catalina.core.StandardService          :173  [32m                  [0;39m Stopping service [Tomcat]
2023-04-30 00:54:50.586 INFO  o.a.c.core.ContainerBase.[Tomcat].[localhost].[/] :173  [32m                  [0;39m Destroying Spring FrameworkServlet 'dispatcherServlet'
2023-04-30 00:54:50.589 INFO  org.apache.coyote.http11.Http11NioProtocol        :173  [32m                  [0;39m Stopping ProtocolHandler ["http-nio-8881"]
2023-04-30 00:54:50.591 INFO  org.apache.coyote.http11.Http11NioProtocol        :173  [32m                  [0;39m Destroying ProtocolHandler ["http-nio-8881"]
2023-04-30 00:54:50.685 INFO  com.example.wiki.config.WikiApplication           :55   [32m                  [0;39m Starting WikiApplication using Java 1.8.0_351 on wangguanyudeMacBook-Pro.local with PID 84949 (/Users/wangguanyu/wgy/09_github/wiki/target/classes started by wangguanyu in /Users/wangguanyu/wgy/09_github/wiki)
2023-04-30 00:54:50.685 INFO  com.example.wiki.config.WikiApplication           :631  [32m                  [0;39m No active profile set, falling back to 1 default profile: "default"
2023-04-30 00:54:50.769 INFO  o.s.boot.web.embedded.tomcat.TomcatWebServer      :108  [32m                  [0;39m Tomcat initialized with port(s): 8881 (http)
2023-04-30 00:54:50.769 INFO  org.apache.coyote.http11.Http11NioProtocol        :173  [32m                  [0;39m Initializing ProtocolHandler ["http-nio-8881"]
2023-04-30 00:54:50.769 INFO  org.apache.catalina.core.StandardService          :173  [32m                  [0;39m Starting service [Tomcat]
2023-04-30 00:54:50.769 INFO  org.apache.catalina.core.StandardEngine           :173  [32m                  [0;39m Starting Servlet engine: [Apache Tomcat/9.0.74]
2023-04-30 00:54:50.774 INFO  o.a.c.core.ContainerBase.[Tomcat].[localhost].[/] :173  [32m                  [0;39m Initializing Spring embedded WebApplicationContext
2023-04-30 00:54:50.775 INFO  o.s.b.w.s.c.ServletWebServerApplicationContext    :292  [32m                  [0;39m Root WebApplicationContext: initialization completed in 89 ms
2023-04-30 00:54:50.810 INFO  o.s.b.d.autoconfigure.OptionalLiveReloadServer    :59   [32m                  [0;39m LiveReload server is running on port 35729
2023-04-30 00:54:50.814 INFO  org.apache.coyote.http11.Http11NioProtocol        :173  [32m                  [0;39m Starting ProtocolHandler ["http-nio-8881"]
2023-04-30 00:54:50.815 INFO  o.s.boot.web.embedded.tomcat.TomcatWebServer      :220  [32m                  [0;39m Tomcat started on port(s): 8881 (http) with context path ''
2023-04-30 00:54:50.818 INFO  com.example.wiki.config.WikiApplication           :61   [32m                  [0;39m Started WikiApplication in 0.155 seconds (JVM running for 105.04)
2023-04-30 00:54:50.819 INFO  o.s.b.d.a.ConditionEvaluationDeltaLoggingListener :63   [32m                  [0;39m Condition evaluation unchanged
2023-04-30 00:54:50.819 INFO  com.example.wiki.config.WikiApplication           :19   [32m                  [0;39m 启动成功！！
2023-04-30 00:54:50.820 INFO  com.example.wiki.config.WikiApplication           :20   [32m                  [0;39m 地址: 	http://127.0.0.1:8881
2023-04-30 00:54:54.244 INFO  o.a.c.core.ContainerBase.[Tomcat].[localhost].[/] :173  [32m                  [0;39m Initializing Spring DispatcherServlet 'dispatcherServlet'
2023-04-30 00:54:54.245 INFO  org.springframework.web.servlet.DispatcherServlet :525  [32m                  [0;39m Initializing Servlet 'dispatcherServlet'
2023-04-30 00:54:54.245 INFO  org.springframework.web.servlet.DispatcherServlet :547  [32m                  [0;39m Completed initialization in 0 ms
2023-04-30 00:55:58.602 INFO  o.s.b.d.a.LocalDevToolsAutoConfiguration$RestartingClassPathChangeChangedEventListener:211  [32m                  [0;39m Restarting due to 1 class path change (0 additions, 0 deletions, 1 modification)
2023-04-30 00:55:59.605 INFO  org.apache.coyote.http11.Http11NioProtocol        :173  [32m                  [0;39m Pausing ProtocolHandler ["http-nio-8881"]
2023-04-30 00:55:59.605 ERROR org.apache.tomcat.util.net.Acceptor               :175  [32m                  [0;39m Socket accept failed
java.nio.channels.AsynchronousCloseException: null
	at java.nio.channels.spi.AbstractInterruptibleChannel.end(AbstractInterruptibleChannel.java:205)
	at sun.nio.ch.ServerSocketChannelImpl.accept(ServerSocketChannelImpl.java:259)
	at org.apache.tomcat.util.net.NioEndpoint.serverSocketAccept(NioEndpoint.java:548)
	at org.apache.tomcat.util.net.NioEndpoint.serverSocketAccept(NioEndpoint.java:79)
	at org.apache.tomcat.util.net.Acceptor.run(Acceptor.java:129)
	at java.lang.Thread.run(Thread.java:750)
2023-04-30 00:55:59.605 WARN  org.apache.tomcat.util.net.NioEndpoint            :173  [32m                  [0;39m Failed to unlock acceptor for [http-nio-8881] because the local address was not available
2023-04-30 00:55:59.606 INFO  org.apache.catalina.core.StandardService          :173  [32m                  [0;39m Stopping service [Tomcat]
2023-04-30 00:55:59.607 INFO  o.a.c.core.ContainerBase.[Tomcat].[localhost].[/] :173  [32m                  [0;39m Destroying Spring FrameworkServlet 'dispatcherServlet'
2023-04-30 00:55:59.610 INFO  org.apache.coyote.http11.Http11NioProtocol        :173  [32m                  [0;39m Stopping ProtocolHandler ["http-nio-8881"]
2023-04-30 00:55:59.612 INFO  org.apache.coyote.http11.Http11NioProtocol        :173  [32m                  [0;39m Destroying ProtocolHandler ["http-nio-8881"]
2023-04-30 00:55:59.849 INFO  com.example.wiki.config.WikiApplication           :55   [32m                  [0;39m Starting WikiApplication using Java 1.8.0_351 on wangguanyudeMacBook-Pro.local with PID 84949 (/Users/wangguanyu/wgy/09_github/wiki/target/classes started by wangguanyu in /Users/wangguanyu/wgy/09_github/wiki)
2023-04-30 00:55:59.850 INFO  com.example.wiki.config.WikiApplication           :631  [32m                  [0;39m No active profile set, falling back to 1 default profile: "default"
2023-04-30 00:55:59.937 INFO  o.s.boot.web.embedded.tomcat.TomcatWebServer      :108  [32m                  [0;39m Tomcat initialized with port(s): 8881 (http)
2023-04-30 00:55:59.938 INFO  org.apache.coyote.http11.Http11NioProtocol        :173  [32m                  [0;39m Initializing ProtocolHandler ["http-nio-8881"]
2023-04-30 00:55:59.938 INFO  org.apache.catalina.core.StandardService          :173  [32m                  [0;39m Starting service [Tomcat]
2023-04-30 00:55:59.938 INFO  org.apache.catalina.core.StandardEngine           :173  [32m                  [0;39m Starting Servlet engine: [Apache Tomcat/9.0.74]
2023-04-30 00:55:59.943 INFO  o.a.c.core.ContainerBase.[Tomcat].[localhost].[/] :173  [32m                  [0;39m Initializing Spring embedded WebApplicationContext
2023-04-30 00:55:59.943 INFO  o.s.b.w.s.c.ServletWebServerApplicationContext    :292  [32m                  [0;39m Root WebApplicationContext: initialization completed in 92 ms
2023-04-30 00:55:59.976 INFO  o.s.b.d.autoconfigure.OptionalLiveReloadServer    :59   [32m                  [0;39m LiveReload server is running on port 35729
2023-04-30 00:55:59.980 INFO  org.apache.coyote.http11.Http11NioProtocol        :173  [32m                  [0;39m Starting ProtocolHandler ["http-nio-8881"]
2023-04-30 00:55:59.981 INFO  o.s.boot.web.embedded.tomcat.TomcatWebServer      :220  [32m                  [0;39m Tomcat started on port(s): 8881 (http) with context path ''
2023-04-30 00:55:59.984 INFO  com.example.wiki.config.WikiApplication           :61   [32m                  [0;39m Started WikiApplication in 0.325 seconds (JVM running for 174.204)
2023-04-30 00:55:59.985 INFO  o.s.b.d.a.ConditionEvaluationDeltaLoggingListener :63   [32m                  [0;39m Condition evaluation unchanged
2023-04-30 00:55:59.985 INFO  com.example.wiki.config.WikiApplication           :19   [32m                  [0;39m 启动成功！！
2023-04-30 00:55:59.985 INFO  com.example.wiki.config.WikiApplication           :20   [32m                  [0;39m 地址: 	http://127.0.0.1:8881
2023-04-30 00:56:06.206 INFO  o.a.c.core.ContainerBase.[Tomcat].[localhost].[/] :173  [32m                  [0;39m Initializing Spring DispatcherServlet 'dispatcherServlet'
2023-04-30 00:56:06.207 INFO  org.springframework.web.servlet.DispatcherServlet :525  [32m                  [0;39m Initializing Servlet 'dispatcherServlet'
2023-04-30 00:56:06.207 INFO  org.springframework.web.servlet.DispatcherServlet :547  [32m                  [0;39m Completed initialization in 0 ms
2023-04-30 00:56:44.676 INFO  o.s.b.d.a.LocalDevToolsAutoConfiguration$RestartingClassPathChangeChangedEventListener:211  [32m                  [0;39m Restarting due to 1 class path change (0 additions, 0 deletions, 1 modification)
2023-04-30 00:56:45.680 INFO  org.apache.coyote.http11.Http11NioProtocol        :173  [32m                  [0;39m Pausing ProtocolHandler ["http-nio-8881"]
2023-04-30 00:56:45.680 ERROR org.apache.tomcat.util.net.Acceptor               :175  [32m                  [0;39m Socket accept failed
java.nio.channels.AsynchronousCloseException: null
	at java.nio.channels.spi.AbstractInterruptibleChannel.end(AbstractInterruptibleChannel.java:205)
	at sun.nio.ch.ServerSocketChannelImpl.accept(ServerSocketChannelImpl.java:259)
	at org.apache.tomcat.util.net.NioEndpoint.serverSocketAccept(NioEndpoint.java:548)
	at org.apache.tomcat.util.net.NioEndpoint.serverSocketAccept(NioEndpoint.java:79)
	at org.apache.tomcat.util.net.Acceptor.run(Acceptor.java:129)
	at java.lang.Thread.run(Thread.java:750)
2023-04-30 00:56:45.680 WARN  org.apache.tomcat.util.net.NioEndpoint            :173  [32m                  [0;39m Failed to unlock acceptor for [http-nio-8881] because the local address was not available
2023-04-30 00:56:45.681 INFO  org.apache.catalina.core.StandardService          :173  [32m                  [0;39m Stopping service [Tomcat]
2023-04-30 00:56:45.682 INFO  o.a.c.core.ContainerBase.[Tomcat].[localhost].[/] :173  [32m                  [0;39m Destroying Spring FrameworkServlet 'dispatcherServlet'
2023-04-30 00:56:45.685 INFO  org.apache.coyote.http11.Http11NioProtocol        :173  [32m                  [0;39m Stopping ProtocolHandler ["http-nio-8881"]
2023-04-30 00:56:45.686 INFO  org.apache.coyote.http11.Http11NioProtocol        :173  [32m                  [0;39m Destroying ProtocolHandler ["http-nio-8881"]
2023-04-30 00:56:45.757 INFO  com.example.wiki.config.WikiApplication           :55   [32m                  [0;39m Starting WikiApplication using Java 1.8.0_351 on wangguanyudeMacBook-Pro.local with PID 84949 (/Users/wangguanyu/wgy/09_github/wiki/target/classes started by wangguanyu in /Users/wangguanyu/wgy/09_github/wiki)
2023-04-30 00:56:45.757 INFO  com.example.wiki.config.WikiApplication           :631  [32m                  [0;39m No active profile set, falling back to 1 default profile: "default"
2023-04-30 00:56:45.834 INFO  o.s.boot.web.embedded.tomcat.TomcatWebServer      :108  [32m                  [0;39m Tomcat initialized with port(s): 8881 (http)
2023-04-30 00:56:45.835 INFO  org.apache.coyote.http11.Http11NioProtocol        :173  [32m                  [0;39m Initializing ProtocolHandler ["http-nio-8881"]
2023-04-30 00:56:45.835 INFO  org.apache.catalina.core.StandardService          :173  [32m                  [0;39m Starting service [Tomcat]
2023-04-30 00:56:45.835 INFO  org.apache.catalina.core.StandardEngine           :173  [32m                  [0;39m Starting Servlet engine: [Apache Tomcat/9.0.74]
2023-04-30 00:56:45.839 INFO  o.a.c.core.ContainerBase.[Tomcat].[localhost].[/] :173  [32m                  [0;39m Initializing Spring embedded WebApplicationContext
2023-04-30 00:56:45.839 INFO  o.s.b.w.s.c.ServletWebServerApplicationContext    :292  [32m                  [0;39m Root WebApplicationContext: initialization completed in 81 ms
2023-04-30 00:56:45.872 INFO  o.s.b.d.autoconfigure.OptionalLiveReloadServer    :59   [32m                  [0;39m LiveReload server is running on port 35729
2023-04-30 00:56:45.876 INFO  org.apache.coyote.http11.Http11NioProtocol        :173  [32m                  [0;39m Starting ProtocolHandler ["http-nio-8881"]
2023-04-30 00:56:45.877 INFO  o.s.boot.web.embedded.tomcat.TomcatWebServer      :220  [32m                  [0;39m Tomcat started on port(s): 8881 (http) with context path ''
2023-04-30 00:56:45.880 INFO  com.example.wiki.config.WikiApplication           :61   [32m                  [0;39m Started WikiApplication in 0.14 seconds (JVM running for 220.099)
2023-04-30 00:56:45.881 INFO  o.s.b.d.a.ConditionEvaluationDeltaLoggingListener :63   [32m                  [0;39m Condition evaluation unchanged
2023-04-30 00:56:45.881 INFO  com.example.wiki.config.WikiApplication           :19   [32m                  [0;39m 启动成功！！
2023-04-30 00:56:45.881 INFO  com.example.wiki.config.WikiApplication           :20   [32m                  [0;39m 地址: 	http://127.0.0.1:8881
2023-04-30 00:56:48.557 INFO  o.a.c.core.ContainerBase.[Tomcat].[localhost].[/] :173  [32m                  [0;39m Initializing Spring DispatcherServlet 'dispatcherServlet'
2023-04-30 00:56:48.557 INFO  org.springframework.web.servlet.DispatcherServlet :525  [32m                  [0;39m Initializing Servlet 'dispatcherServlet'
2023-04-30 00:56:48.558 INFO  org.springframework.web.servlet.DispatcherServlet :547  [32m                  [0;39m Completed initialization in 0 ms
2023-04-30 00:56:54.317 INFO  o.s.b.d.a.LocalDevToolsAutoConfiguration$RestartingClassPathChangeChangedEventListener:211  [32m                  [0;39m Restarting due to 1 class path change (0 additions, 0 deletions, 1 modification)
2023-04-30 00:56:55.321 INFO  org.apache.coyote.http11.Http11NioProtocol        :173  [32m                  [0;39m Pausing ProtocolHandler ["http-nio-8881"]
2023-04-30 00:56:55.321 ERROR org.apache.tomcat.util.net.Acceptor               :175  [32m                  [0;39m Socket accept failed
java.nio.channels.AsynchronousCloseException: null
	at java.nio.channels.spi.AbstractInterruptibleChannel.end(AbstractInterruptibleChannel.java:205)
	at sun.nio.ch.ServerSocketChannelImpl.accept(ServerSocketChannelImpl.java:259)
	at org.apache.tomcat.util.net.NioEndpoint.serverSocketAccept(NioEndpoint.java:548)
	at org.apache.tomcat.util.net.NioEndpoint.serverSocketAccept(NioEndpoint.java:79)
	at org.apache.tomcat.util.net.Acceptor.run(Acceptor.java:129)
	at java.lang.Thread.run(Thread.java:750)
2023-04-30 00:56:55.322 WARN  org.apache.tomcat.util.net.NioEndpoint            :173  [32m                  [0;39m Failed to unlock acceptor for [http-nio-8881] because the local address was not available
2023-04-30 00:56:55.322 INFO  org.apache.catalina.core.StandardService          :173  [32m                  [0;39m Stopping service [Tomcat]
2023-04-30 00:56:55.324 INFO  o.a.c.core.ContainerBase.[Tomcat].[localhost].[/] :173  [32m                  [0;39m Destroying Spring FrameworkServlet 'dispatcherServlet'
2023-04-30 00:56:55.327 INFO  org.apache.coyote.http11.Http11NioProtocol        :173  [32m                  [0;39m Stopping ProtocolHandler ["http-nio-8881"]
2023-04-30 00:56:55.329 INFO  org.apache.coyote.http11.Http11NioProtocol        :173  [32m                  [0;39m Destroying ProtocolHandler ["http-nio-8881"]
2023-04-30 00:56:55.392 INFO  com.example.wiki.config.WikiApplication           :55   [32m                  [0;39m Starting WikiApplication using Java 1.8.0_351 on wangguanyudeMacBook-Pro.local with PID 84949 (/Users/wangguanyu/wgy/09_github/wiki/target/classes started by wangguanyu in /Users/wangguanyu/wgy/09_github/wiki)
2023-04-30 00:56:55.392 INFO  com.example.wiki.config.WikiApplication           :631  [32m                  [0;39m No active profile set, falling back to 1 default profile: "default"
2023-04-30 00:56:55.480 INFO  o.s.boot.web.embedded.tomcat.TomcatWebServer      :108  [32m                  [0;39m Tomcat initialized with port(s): 8881 (http)
2023-04-30 00:56:55.481 INFO  org.apache.coyote.http11.Http11NioProtocol        :173  [32m                  [0;39m Initializing ProtocolHandler ["http-nio-8881"]
2023-04-30 00:56:55.481 INFO  org.apache.catalina.core.StandardService          :173  [32m                  [0;39m Starting service [Tomcat]
2023-04-30 00:56:55.481 INFO  org.apache.catalina.core.StandardEngine           :173  [32m                  [0;39m Starting Servlet engine: [Apache Tomcat/9.0.74]
2023-04-30 00:56:55.485 INFO  o.a.c.core.ContainerBase.[Tomcat].[localhost].[/] :173  [32m                  [0;39m Initializing Spring embedded WebApplicationContext
2023-04-30 00:56:55.485 INFO  o.s.b.w.s.c.ServletWebServerApplicationContext    :292  [32m                  [0;39m Root WebApplicationContext: initialization completed in 91 ms
2023-04-30 00:56:55.521 INFO  o.s.b.d.autoconfigure.OptionalLiveReloadServer    :59   [32m                  [0;39m LiveReload server is running on port 35729
2023-04-30 00:56:55.525 INFO  org.apache.coyote.http11.Http11NioProtocol        :173  [32m                  [0;39m Starting ProtocolHandler ["http-nio-8881"]
2023-04-30 00:56:55.526 INFO  o.s.boot.web.embedded.tomcat.TomcatWebServer      :220  [32m                  [0;39m Tomcat started on port(s): 8881 (http) with context path ''
2023-04-30 00:56:55.529 INFO  com.example.wiki.config.WikiApplication           :61   [32m                  [0;39m Started WikiApplication in 0.156 seconds (JVM running for 229.748)
2023-04-30 00:56:55.530 INFO  o.s.b.d.a.ConditionEvaluationDeltaLoggingListener :63   [32m                  [0;39m Condition evaluation unchanged
2023-04-30 00:56:55.531 INFO  com.example.wiki.config.WikiApplication           :19   [32m                  [0;39m 启动成功！！
2023-04-30 00:56:55.531 INFO  com.example.wiki.config.WikiApplication           :20   [32m                  [0;39m 地址: 	http://127.0.0.1:8881
2023-04-30 00:57:04.667 INFO  o.a.c.core.ContainerBase.[Tomcat].[localhost].[/] :173  [32m                  [0;39m Initializing Spring DispatcherServlet 'dispatcherServlet'
2023-04-30 00:57:04.668 INFO  org.springframework.web.servlet.DispatcherServlet :525  [32m                  [0;39m Initializing Servlet 'dispatcherServlet'
2023-04-30 00:57:04.669 INFO  org.springframework.web.servlet.DispatcherServlet :547  [32m                  [0;39m Completed initialization in 1 ms
2023-04-30 00:57:12.018 INFO  o.s.b.d.a.LocalDevToolsAutoConfiguration$RestartingClassPathChangeChangedEventListener:211  [32m                  [0;39m Restarting due to 1 class path change (0 additions, 0 deletions, 1 modification)
2023-04-30 00:57:13.022 INFO  org.apache.coyote.http11.Http11NioProtocol        :173  [32m                  [0;39m Pausing ProtocolHandler ["http-nio-8881"]
2023-04-30 00:57:13.022 ERROR org.apache.tomcat.util.net.Acceptor               :175  [32m                  [0;39m Socket accept failed
java.nio.channels.AsynchronousCloseException: null
	at java.nio.channels.spi.AbstractInterruptibleChannel.end(AbstractInterruptibleChannel.java:205)
	at sun.nio.ch.ServerSocketChannelImpl.accept(ServerSocketChannelImpl.java:259)
	at org.apache.tomcat.util.net.NioEndpoint.serverSocketAccept(NioEndpoint.java:548)
	at org.apache.tomcat.util.net.NioEndpoint.serverSocketAccept(NioEndpoint.java:79)
	at org.apache.tomcat.util.net.Acceptor.run(Acceptor.java:129)
	at java.lang.Thread.run(Thread.java:750)
2023-04-30 00:57:13.022 WARN  org.apache.tomcat.util.net.NioEndpoint            :173  [32m                  [0;39m Failed to unlock acceptor for [http-nio-8881] because the local address was not available
2023-04-30 00:57:13.023 INFO  org.apache.catalina.core.StandardService          :173  [32m                  [0;39m Stopping service [Tomcat]
2023-04-30 00:57:13.024 INFO  o.a.c.core.ContainerBase.[Tomcat].[localhost].[/] :173  [32m                  [0;39m Destroying Spring FrameworkServlet 'dispatcherServlet'
2023-04-30 00:57:13.027 INFO  org.apache.coyote.http11.Http11NioProtocol        :173  [32m                  [0;39m Stopping ProtocolHandler ["http-nio-8881"]
2023-04-30 00:57:13.028 INFO  org.apache.coyote.http11.Http11NioProtocol        :173  [32m                  [0;39m Destroying ProtocolHandler ["http-nio-8881"]
2023-04-30 00:57:13.105 INFO  com.example.wiki.config.WikiApplication           :55   [32m                  [0;39m Starting WikiApplication using Java 1.8.0_351 on wangguanyudeMacBook-Pro.local with PID 84949 (/Users/wangguanyu/wgy/09_github/wiki/target/classes started by wangguanyu in /Users/wangguanyu/wgy/09_github/wiki)
2023-04-30 00:57:13.105 INFO  com.example.wiki.config.WikiApplication           :631  [32m                  [0;39m No active profile set, falling back to 1 default profile: "default"
2023-04-30 00:57:13.190 INFO  o.s.boot.web.embedded.tomcat.TomcatWebServer      :108  [32m                  [0;39m Tomcat initialized with port(s): 8881 (http)
2023-04-30 00:57:13.190 INFO  org.apache.coyote.http11.Http11NioProtocol        :173  [32m                  [0;39m Initializing ProtocolHandler ["http-nio-8881"]
2023-04-30 00:57:13.190 INFO  org.apache.catalina.core.StandardService          :173  [32m                  [0;39m Starting service [Tomcat]
2023-04-30 00:57:13.191 INFO  org.apache.catalina.core.StandardEngine           :173  [32m                  [0;39m Starting Servlet engine: [Apache Tomcat/9.0.74]
2023-04-30 00:57:13.195 INFO  o.a.c.core.ContainerBase.[Tomcat].[localhost].[/] :173  [32m                  [0;39m Initializing Spring embedded WebApplicationContext
2023-04-30 00:57:13.195 INFO  o.s.b.w.s.c.ServletWebServerApplicationContext    :292  [32m                  [0;39m Root WebApplicationContext: initialization completed in 89 ms
2023-04-30 00:57:13.230 INFO  o.s.b.d.autoconfigure.OptionalLiveReloadServer    :59   [32m                  [0;39m LiveReload server is running on port 35729
2023-04-30 00:57:13.234 INFO  org.apache.coyote.http11.Http11NioProtocol        :173  [32m                  [0;39m Starting ProtocolHandler ["http-nio-8881"]
2023-04-30 00:57:13.235 INFO  o.s.boot.web.embedded.tomcat.TomcatWebServer      :220  [32m                  [0;39m Tomcat started on port(s): 8881 (http) with context path ''
2023-04-30 00:57:13.238 INFO  com.example.wiki.config.WikiApplication           :61   [32m                  [0;39m Started WikiApplication in 0.15 seconds (JVM running for 247.456)
2023-04-30 00:57:13.239 INFO  o.s.b.d.a.ConditionEvaluationDeltaLoggingListener :63   [32m                  [0;39m Condition evaluation unchanged
2023-04-30 00:57:13.239 INFO  com.example.wiki.config.WikiApplication           :19   [32m                  [0;39m 启动成功！！
2023-04-30 00:57:13.239 INFO  com.example.wiki.config.WikiApplication           :20   [32m                  [0;39m 地址: 	http://127.0.0.1:8881
2023-04-30 00:57:14.301 INFO  o.a.c.core.ContainerBase.[Tomcat].[localhost].[/] :173  [32m                  [0;39m Initializing Spring DispatcherServlet 'dispatcherServlet'
2023-04-30 00:57:14.302 INFO  org.springframework.web.servlet.DispatcherServlet :525  [32m                  [0;39m Initializing Servlet 'dispatcherServlet'
2023-04-30 00:57:14.302 INFO  org.springframework.web.servlet.DispatcherServlet :547  [32m                  [0;39m Completed initialization in 0 ms
